=== ./shared/tsconfig.json ===
=== ./shared/node_modules/es-shim-unscopables/tsconfig.json ===
shared/node_modules/@types/node/web-globals/fetch.d.ts(3,25): error TS2792: Cannot find module 'undici-types'. Did you mean to set the 'moduleResolution' option to 'nodenext', or to add aliases to the 'paths' option?
shared/node_modules/es-shim-unscopables/tsconfig.json(2,13): error TS6053: File '@ljharb/tsconfig' not found.
=== ./shared/node_modules/side-channel/tsconfig.json ===
shared/node_modules/@types/node/web-globals/fetch.d.ts(3,25): error TS2792: Cannot find module 'undici-types'. Did you mean to set the 'moduleResolution' option to 'nodenext', or to add aliases to the 'paths' option?
shared/node_modules/side-channel/index.d.ts(1,32): error TS2792: Cannot find module 'side-channel-list'. Did you mean to set the 'moduleResolution' option to 'nodenext', or to add aliases to the 'paths' option?
shared/node_modules/side-channel/index.d.ts(2,31): error TS2792: Cannot find module 'side-channel-map'. Did you mean to set the 'moduleResolution' option to 'nodenext', or to add aliases to the 'paths' option?
shared/node_modules/side-channel/index.d.ts(3,35): error TS2792: Cannot find module 'side-channel-weakmap'. Did you mean to set the 'moduleResolution' option to 'nodenext', or to add aliases to the 'paths' option?
shared/node_modules/side-channel/tsconfig.json(2,13): error TS6053: File '@ljharb/tsconfig' not found.
=== ./shared/node_modules/typed-array-length/tsconfig.json ===
shared/node_modules/@types/node/web-globals/fetch.d.ts(3,25): error TS2792: Cannot find module 'undici-types'. Did you mean to set the 'moduleResolution' option to 'nodenext', or to add aliases to the 'paths' option?
shared/node_modules/typed-array-length/index.d.ts(1,24): error TS2792: Cannot find module 'possible-typed-array-names'. Did you mean to set the 'moduleResolution' option to 'nodenext', or to add aliases to the 'paths' option?
shared/node_modules/typed-array-length/tsconfig.json(2,13): error TS6053: File '@ljharb/tsconfig' not found.
=== ./shared/node_modules/is-symbol/tsconfig.json ===
shared/node_modules/@types/node/web-globals/fetch.d.ts(3,25): error TS2792: Cannot find module 'undici-types'. Did you mean to set the 'moduleResolution' option to 'nodenext', or to add aliases to the 'paths' option?
shared/node_modules/is-symbol/tsconfig.json(2,13): error TS6053: File '@ljharb/tsconfig' not found.
=== ./shared/node_modules/side-channel-list/tsconfig.json ===
shared/node_modules/@types/node/web-globals/fetch.d.ts(3,25): error TS2792: Cannot find module 'undici-types'. Did you mean to set the 'moduleResolution' option to 'nodenext', or to add aliases to the 'paths' option?
shared/node_modules/side-channel-list/tsconfig.json(2,13): error TS6053: File '@ljharb/tsconfig' not found.
=== ./shared/node_modules/which-collection/tsconfig.json ===
shared/node_modules/which-collection/test/index.js(3,20): error TS2307: Cannot find module 'tape' or its corresponding type declarations.
shared/node_modules/which-collection/test/index.js(4,21): error TS7016: Could not find a declaration file for module 'object-inspect'. '/home/kinginyellow/projects/medianest/shared/node_modules/object-inspect/index.js' implicitly has an 'any' type.
  Try `npm i --save-dev @types/object-inspect` if it exists or add a new declaration (.d.ts) file containing `declare module 'object-inspect';`
shared/node_modules/which-collection/test/index.js(9,35): error TS7006: Parameter 't' implicitly has an 'any' type.
shared/node_modules/which-collection/test/index.js(33,61): error TS7006: Parameter 't' implicitly has an 'any' type.
shared/node_modules/which-collection/test/index.js(40,61): error TS7006: Parameter 't' implicitly has an 'any' type.
shared/node_modules/which-collection/test/index.js(47,69): error TS7006: Parameter 't' implicitly has an 'any' type.
shared/node_modules/which-collection/test/index.js(54,69): error TS7006: Parameter 't' implicitly has an 'any' type.
=== ./shared/node_modules/is-finalizationregistry/tsconfig.json ===
shared/node_modules/@types/node/web-globals/fetch.d.ts(3,25): error TS2792: Cannot find module 'undici-types'. Did you mean to set the 'moduleResolution' option to 'nodenext', or to add aliases to the 'paths' option?
shared/node_modules/is-finalizationregistry/tsconfig.json(2,14): error TS6053: File '@ljharb/tsconfig' not found.
=== ./shared/node_modules/unbox-primitive/tsconfig.json ===
shared/node_modules/unbox-primitive/tsconfig.json(2,13): error TS6053: File '@ljharb/tsconfig' not found.
=== ./shared/node_modules/dunder-proto/tsconfig.json ===
shared/node_modules/@types/node/web-globals/fetch.d.ts(3,25): error TS2792: Cannot find module 'undici-types'. Did you mean to set the 'moduleResolution' option to 'nodenext', or to add aliases to the 'paths' option?
shared/node_modules/dunder-proto/tsconfig.json(2,13): error TS6053: File '@ljharb/tsconfig' not found.
=== ./shared/node_modules/safe-array-concat/tsconfig.json ===
shared/node_modules/@types/node/web-globals/fetch.d.ts(3,25): error TS2792: Cannot find module 'undici-types'. Did you mean to set the 'moduleResolution' option to 'nodenext', or to add aliases to the 'paths' option?
shared/node_modules/safe-array-concat/tsconfig.json(2,14): error TS6053: File '@ljharb/tsconfig' not found.
=== ./shared/node_modules/data-view-byte-length/tsconfig.json ===
shared/node_modules/@types/node/web-globals/fetch.d.ts(3,25): error TS2792: Cannot find module 'undici-types'. Did you mean to set the 'moduleResolution' option to 'nodenext', or to add aliases to the 'paths' option?
shared/node_modules/data-view-byte-length/tsconfig.json(2,13): error TS6053: File '@ljharb/tsconfig' not found.
=== ./shared/node_modules/async-function/tsconfig.json ===
shared/node_modules/@types/node/web-globals/fetch.d.ts(3,25): error TS2792: Cannot find module 'undici-types'. Did you mean to set the 'moduleResolution' option to 'nodenext', or to add aliases to the 'paths' option?
shared/node_modules/async-function/index.d.mts(1,35): error TS2792: Cannot find module '.'. Did you mean to set the 'moduleResolution' option to 'nodenext', or to add aliases to the 'paths' option?
shared/node_modules/async-function/tsconfig.json(2,13): error TS6053: File '@ljharb/tsconfig' not found.
=== ./shared/node_modules/is-weakref/tsconfig.json ===
shared/node_modules/@types/node/web-globals/fetch.d.ts(3,25): error TS2792: Cannot find module 'undici-types'. Did you mean to set the 'moduleResolution' option to 'nodenext', or to add aliases to the 'paths' option?
shared/node_modules/is-weakref/tsconfig.json(2,14): error TS6053: File '@ljharb/tsconfig' not found.
=== ./shared/node_modules/is-async-function/tsconfig.json ===
shared/node_modules/@types/node/web-globals/fetch.d.ts(3,25): error TS2792: Cannot find module 'undici-types'. Did you mean to set the 'moduleResolution' option to 'nodenext', or to add aliases to the 'paths' option?
shared/node_modules/is-async-function/index.d.ts(1,36): error TS2792: Cannot find module 'async-function'. Did you mean to set the 'moduleResolution' option to 'nodenext', or to add aliases to the 'paths' option?
shared/node_modules/is-async-function/tsconfig.json(2,14): error TS6053: File '@ljharb/tsconfig' not found.
=== ./shared/node_modules/logform/tsconfig.json ===
=== ./shared/node_modules/side-channel-map/tsconfig.json ===
shared/node_modules/@types/node/web-globals/fetch.d.ts(3,25): error TS2792: Cannot find module 'undici-types'. Did you mean to set the 'moduleResolution' option to 'nodenext', or to add aliases to the 'paths' option?
shared/node_modules/side-channel-map/tsconfig.json(2,13): error TS6053: File '@ljharb/tsconfig' not found.
=== ./shared/node_modules/which-boxed-primitive/tsconfig.json ===
shared/node_modules/@types/node/web-globals/fetch.d.ts(3,25): error TS2792: Cannot find module 'undici-types'. Did you mean to set the 'moduleResolution' option to 'nodenext', or to add aliases to the 'paths' option?
shared/node_modules/which-boxed-primitive/tsconfig.json(2,13): error TS6053: File '@ljharb/tsconfig' not found.
=== ./shared/node_modules/hasown/tsconfig.json ===
shared/node_modules/hasown/tsconfig.json(2,14): error TS6053: File '@ljharb/tsconfig' not found.
=== ./shared/node_modules/is-set/tsconfig.json ===
shared/node_modules/is-set/index.js(34,3): error TS18047: '$setHas' is possibly 'null'.
shared/node_modules/is-set/index.js(34,11): error TS2554: Expected 2 arguments, but got 1.
shared/node_modules/is-set/index.js(37,13): error TS2554: Expected 2 arguments, but got 1.
shared/node_modules/is-set/test/index.js(3,20): error TS2307: Cannot find module 'tape' or its corresponding type declarations.
shared/node_modules/is-set/test/index.js(4,21): error TS7016: Could not find a declaration file for module 'object-inspect'. '/home/kinginyellow/projects/medianest/shared/node_modules/object-inspect/index.js' implicitly has an 'any' type.
  Try `npm i --save-dev @types/object-inspect` if it exists or add a new declaration (.d.ts) file containing `declare module 'object-inspect';`
shared/node_modules/is-set/test/index.js(9,35): error TS7006: Parameter 't' implicitly has an 'any' type.
shared/node_modules/is-set/test/index.js(33,61): error TS7006: Parameter 't' implicitly has an 'any' type.
shared/node_modules/is-set/test/index.js(40,61): error TS7006: Parameter 't' implicitly has an 'any' type.
shared/node_modules/is-set/test/index.js(47,69): error TS7006: Parameter 't' implicitly has an 'any' type.
shared/node_modules/is-set/test/index.js(54,69): error TS7006: Parameter 't' implicitly has an 'any' type.
=== ./shared/node_modules/has-proto/tsconfig.json ===
shared/node_modules/has-proto/tsconfig.json(2,13): error TS6053: File '@ljharb/tsconfig' not found.
=== ./shared/node_modules/es-errors/tsconfig.json ===
shared/node_modules/es-errors/test/index.js(3,20): error TS2307: Cannot find module 'tape' or its corresponding type declarations.
shared/node_modules/es-errors/test/index.js(11,26): error TS7006: Parameter 't' implicitly has an 'any' type.
=== ./shared/node_modules/call-bound/tsconfig.json ===
shared/node_modules/@types/node/web-globals/fetch.d.ts(3,25): error TS2792: Cannot find module 'undici-types'. Did you mean to set the 'moduleResolution' option to 'nodenext', or to add aliases to the 'paths' option?
shared/node_modules/call-bound/tsconfig.json(2,13): error TS6053: File '@ljharb/tsconfig' not found.
=== ./shared/node_modules/es-object-atoms/tsconfig.json ===
shared/node_modules/es-object-atoms/tsconfig.json(2,13): error TS6053: File '@ljharb/tsconfig' not found.
=== ./shared/node_modules/is-shared-array-buffer/tsconfig.json ===
shared/node_modules/@types/node/web-globals/fetch.d.ts(3,25): error TS2792: Cannot find module 'undici-types'. Did you mean to set the 'moduleResolution' option to 'nodenext', or to add aliases to the 'paths' option?
shared/node_modules/is-shared-array-buffer/tsconfig.json(2,13): error TS6053: File '@ljharb/tsconfig' not found.
=== ./shared/node_modules/is-string/tsconfig.json ===
shared/node_modules/@types/node/web-globals/fetch.d.ts(3,25): error TS2792: Cannot find module 'undici-types'. Did you mean to set the 'moduleResolution' option to 'nodenext', or to add aliases to the 'paths' option?
shared/node_modules/is-string/tsconfig.json(2,14): error TS6053: File '@ljharb/tsconfig' not found.
=== ./shared/node_modules/which-typed-array/tsconfig.json ===
shared/node_modules/@types/node/web-globals/fetch.d.ts(3,25): error TS2792: Cannot find module 'undici-types'. Did you mean to set the 'moduleResolution' option to 'nodenext', or to add aliases to the 'paths' option?
shared/node_modules/which-typed-array/tsconfig.json(2,14): error TS6053: File '@ljharb/tsconfig' not found.
=== ./shared/node_modules/is-number-object/tsconfig.json ===
shared/node_modules/@types/node/web-globals/fetch.d.ts(3,25): error TS2792: Cannot find module 'undici-types'. Did you mean to set the 'moduleResolution' option to 'nodenext', or to add aliases to the 'paths' option?
shared/node_modules/is-number-object/tsconfig.json(2,13): error TS6053: File '@ljharb/tsconfig' not found.
=== ./shared/node_modules/math-intrinsics/tsconfig.json ===
shared/node_modules/math-intrinsics/tsconfig.json(2,13): error TS6053: File '@ljharb/tsconfig' not found.
=== ./shared/node_modules/safe-regex-test/tsconfig.json ===
shared/node_modules/safe-regex-test/tsconfig.json(2,13): error TS6053: File '@ljharb/tsconfig' not found.
=== ./shared/node_modules/array-buffer-byte-length/tsconfig.json ===
shared/node_modules/@types/node/web-globals/fetch.d.ts(3,25): error TS2792: Cannot find module 'undici-types'. Did you mean to set the 'moduleResolution' option to 'nodenext', or to add aliases to the 'paths' option?
shared/node_modules/array-buffer-byte-length/tsconfig.json(2,14): error TS6053: File '@ljharb/tsconfig' not found.
=== ./shared/node_modules/call-bind-apply-helpers/tsconfig.json ===
shared/node_modules/@types/node/web-globals/fetch.d.ts(3,25): error TS2792: Cannot find module 'undici-types'. Did you mean to set the 'moduleResolution' option to 'nodenext', or to add aliases to the 'paths' option?
shared/node_modules/call-bind-apply-helpers/applyBind.d.ts(1,8): error TS1259: Module '"/home/kinginyellow/projects/medianest/shared/node_modules/call-bind-apply-helpers/actualApply"' can only be default-imported using the 'allowSyntheticDefaultImports' flag
shared/node_modules/call-bind-apply-helpers/tsconfig.json(2,13): error TS6053: File '@ljharb/tsconfig' not found.
=== ./shared/node_modules/stop-iteration-iterator/tsconfig.json ===
shared/node_modules/stop-iteration-iterator/tsconfig.json(2,13): error TS6053: File '@ljharb/tsconfig' not found.
=== ./shared/node_modules/data-view-buffer/tsconfig.json ===
shared/node_modules/@types/node/web-globals/fetch.d.ts(3,25): error TS2792: Cannot find module 'undici-types'. Did you mean to set the 'moduleResolution' option to 'nodenext', or to add aliases to the 'paths' option?
shared/node_modules/data-view-buffer/tsconfig.json(2,13): error TS6053: File '@ljharb/tsconfig' not found.
=== ./shared/node_modules/is-date-object/tsconfig.json ===
shared/node_modules/is-date-object/tsconfig.json(2,14): error TS6053: File '@ljharb/tsconfig' not found.
=== ./shared/node_modules/is-typed-array/tsconfig.json ===
shared/node_modules/is-typed-array/tsconfig.json(2,13): error TS6053: File '@ljharb/tsconfig' not found.
=== ./shared/node_modules/which-builtin-type/tsconfig.json ===
shared/node_modules/@types/node/web-globals/fetch.d.ts(3,25): error TS2792: Cannot find module 'undici-types'. Did you mean to set the 'moduleResolution' option to 'nodenext', or to add aliases to the 'paths' option?
shared/node_modules/which-builtin-type/index.d.ts(1,33): error TS2792: Cannot find module 'which-boxed-primitive'. Did you mean to set the 'moduleResolution' option to 'nodenext', or to add aliases to the 'paths' option?
shared/node_modules/which-builtin-type/index.d.ts(2,29): error TS2792: Cannot find module 'which-collection'. Did you mean to set the 'moduleResolution' option to 'nodenext', or to add aliases to the 'paths' option?
shared/node_modules/which-builtin-type/index.d.ts(3,29): error TS2792: Cannot find module 'which-typed-array'. Did you mean to set the 'moduleResolution' option to 'nodenext', or to add aliases to the 'paths' option?
shared/node_modules/which-builtin-type/tsconfig.json(2,14): error TS6053: File '@ljharb/tsconfig' not found.
=== ./shared/node_modules/has-symbols/tsconfig.json ===
shared/node_modules/@types/node/web-globals/fetch.d.ts(3,25): error TS2792: Cannot find module 'undici-types'. Did you mean to set the 'moduleResolution' option to 'nodenext', or to add aliases to the 'paths' option?
shared/node_modules/has-symbols/tsconfig.json(2,13): error TS6053: File '@ljharb/tsconfig' not found.
=== ./shared/node_modules/has-tostringtag/tsconfig.json ===
shared/node_modules/has-tostringtag/test/index.js(3,20): error TS2307: Cannot find module 'tape' or its corresponding type declarations.
shared/node_modules/has-tostringtag/test/index.js(7,29): error TS7006: Parameter 't' implicitly has an 'any' type.
shared/node_modules/has-tostringtag/test/index.js(13,80): error TS7006: Parameter 't' implicitly has an 'any' type.
shared/node_modules/has-tostringtag/test/index.js(18,87): error TS7006: Parameter 't' implicitly has an 'any' type.
shared/node_modules/has-tostringtag/test/shams/core-js.js(3,20): error TS2307: Cannot find module 'tape' or its corresponding type declarations.
shared/node_modules/has-tostringtag/test/shams/core-js.js(6,58): error TS7006: Parameter 't' implicitly has an 'any' type.
shared/node_modules/has-tostringtag/test/shams/core-js.js(17,38): error TS7006: Parameter 't' implicitly has an 'any' type.
shared/node_modules/has-tostringtag/test/shams/get-own-property-symbols.js(3,20): error TS2307: Cannot find module 'tape' or its corresponding type declarations.
shared/node_modules/has-tostringtag/test/shams/get-own-property-symbols.js(6,46): error TS7006: Parameter 't' implicitly has an 'any' type.
shared/node_modules/has-tostringtag/test/shams/get-own-property-symbols.js(17,38): error TS7006: Parameter 't' implicitly has an 'any' type.
shared/node_modules/has-tostringtag/test/tests.js(4,40): error TS2307: Cannot find module 'tape' or its corresponding type declarations.
=== ./shared/node_modules/is-weakmap/tsconfig.json ===
shared/node_modules/is-weakmap/test/index.js(3,20): error TS2307: Cannot find module 'tape' or its corresponding type declarations.
shared/node_modules/is-weakmap/test/index.js(4,21): error TS7016: Could not find a declaration file for module 'object-inspect'. '/home/kinginyellow/projects/medianest/shared/node_modules/object-inspect/index.js' implicitly has an 'any' type.
  Try `npm i --save-dev @types/object-inspect` if it exists or add a new declaration (.d.ts) file containing `declare module 'object-inspect';`
shared/node_modules/is-weakmap/test/index.js(9,35): error TS7006: Parameter 't' implicitly has an 'any' type.
shared/node_modules/is-weakmap/test/index.js(33,61): error TS7006: Parameter 't' implicitly has an 'any' type.
shared/node_modules/is-weakmap/test/index.js(40,61): error TS7006: Parameter 't' implicitly has an 'any' type.
shared/node_modules/is-weakmap/test/index.js(47,69): error TS7006: Parameter 't' implicitly has an 'any' type.
shared/node_modules/is-weakmap/test/index.js(54,69): error TS7006: Parameter 't' implicitly has an 'any' type.
=== ./shared/node_modules/has-bigints/tsconfig.json ===
shared/node_modules/@types/node/web-globals/fetch.d.ts(3,25): error TS2792: Cannot find module 'undici-types'. Did you mean to set the 'moduleResolution' option to 'nodenext', or to add aliases to the 'paths' option?
shared/node_modules/has-bigints/tsconfig.json(2,14): error TS6053: File '@ljharb/tsconfig' not found.
=== ./shared/node_modules/is-generator-function/tsconfig.json ===
shared/node_modules/is-generator-function/tsconfig.json(2,14): error TS6053: File '@ljharb/tsconfig' not found.
=== ./shared/node_modules/get-symbol-description/tsconfig.json ===
shared/node_modules/@types/node/web-globals/fetch.d.ts(3,25): error TS2792: Cannot find module 'undici-types'. Did you mean to set the 'moduleResolution' option to 'nodenext', or to add aliases to the 'paths' option?
shared/node_modules/get-symbol-description/tsconfig.json(2,13): error TS6053: File '@ljharb/tsconfig' not found.
=== ./shared/node_modules/data-view-byte-offset/tsconfig.json ===
shared/node_modules/@types/node/web-globals/fetch.d.ts(3,25): error TS2792: Cannot find module 'undici-types'. Did you mean to set the 'moduleResolution' option to 'nodenext', or to add aliases to the 'paths' option?
shared/node_modules/data-view-byte-offset/tsconfig.json(2,13): error TS6053: File '@ljharb/tsconfig' not found.
=== ./shared/node_modules/internal-slot/tsconfig.json ===
shared/node_modules/internal-slot/tsconfig.json(2,13): error TS6053: File '@ljharb/tsconfig' not found.
=== ./shared/node_modules/gopd/tsconfig.json ===
shared/node_modules/@types/node/web-globals/fetch.d.ts(3,25): error TS2792: Cannot find module 'undici-types'. Did you mean to set the 'moduleResolution' option to 'nodenext', or to add aliases to the 'paths' option?
shared/node_modules/gopd/tsconfig.json(2,13): error TS6053: File '@ljharb/tsconfig' not found.
=== ./shared/node_modules/is-data-view/tsconfig.json ===
shared/node_modules/@types/node/web-globals/fetch.d.ts(3,25): error TS2792: Cannot find module 'undici-types'. Did you mean to set the 'moduleResolution' option to 'nodenext', or to add aliases to the 'paths' option?
shared/node_modules/is-data-view/tsconfig.json(2,13): error TS6053: File '@ljharb/tsconfig' not found.
=== ./shared/node_modules/is-regex/tsconfig.json ===
shared/node_modules/@types/node/web-globals/fetch.d.ts(3,25): error TS2792: Cannot find module 'undici-types'. Did you mean to set the 'moduleResolution' option to 'nodenext', or to add aliases to the 'paths' option?
shared/node_modules/is-regex/tsconfig.json(2,13): error TS6053: File '@ljharb/tsconfig' not found.
=== ./shared/node_modules/get-proto/tsconfig.json ===
shared/node_modules/get-proto/tsconfig.json(2,13): error TS6053: File '@ljharb/tsconfig' not found.
=== ./shared/node_modules/for-each/tsconfig.json ===
shared/node_modules/for-each/tsconfig.json(2,13): error TS6053: File '@ljharb/tsconfig' not found.
=== ./shared/node_modules/es-define-property/tsconfig.json ===
shared/node_modules/@types/node/web-globals/fetch.d.ts(3,25): error TS2792: Cannot find module 'undici-types'. Did you mean to set the 'moduleResolution' option to 'nodenext', or to add aliases to the 'paths' option?
shared/node_modules/es-define-property/tsconfig.json(2,13): error TS6053: File '@ljharb/tsconfig' not found.
=== ./shared/node_modules/is-array-buffer/tsconfig.json ===
shared/node_modules/@types/node/web-globals/fetch.d.ts(3,25): error TS2792: Cannot find module 'undici-types'. Did you mean to set the 'moduleResolution' option to 'nodenext', or to add aliases to the 'paths' option?
shared/node_modules/is-array-buffer/tsconfig.json(2,14): error TS6053: File '@ljharb/tsconfig' not found.
=== ./shared/node_modules/set-function-length/tsconfig.json ===
shared/node_modules/@types/node/web-globals/fetch.d.ts(3,25): error TS2792: Cannot find module 'undici-types'. Did you mean to set the 'moduleResolution' option to 'nodenext', or to add aliases to the 'paths' option?
shared/node_modules/set-function-length/tsconfig.json(2,13): error TS6053: File '@ljharb/tsconfig' not found.
=== ./shared/node_modules/set-proto/tsconfig.json ===
shared/node_modules/set-proto/tsconfig.json(2,13): error TS6053: File '@ljharb/tsconfig' not found.
=== ./shared/node_modules/es-set-tostringtag/tsconfig.json ===
shared/node_modules/@types/node/web-globals/fetch.d.ts(3,25): error TS2792: Cannot find module 'undici-types'. Did you mean to set the 'moduleResolution' option to 'nodenext', or to add aliases to the 'paths' option?
shared/node_modules/es-set-tostringtag/tsconfig.json(2,13): error TS6053: File '@ljharb/tsconfig' not found.
=== ./shared/node_modules/fastq/test/tsconfig.json ===
=== ./shared/node_modules/reusify/tsconfig.json ===
=== ./shared/node_modules/is-bigint/tsconfig.json ===
shared/node_modules/@types/node/web-globals/fetch.d.ts(3,25): error TS2792: Cannot find module 'undici-types'. Did you mean to set the 'moduleResolution' option to 'nodenext', or to add aliases to the 'paths' option?
shared/node_modules/is-bigint/tsconfig.json(2,13): error TS6053: File '@ljharb/tsconfig' not found.
=== ./shared/node_modules/is-weakset/tsconfig.json ===
shared/node_modules/@types/node/web-globals/fetch.d.ts(3,25): error TS2792: Cannot find module 'undici-types'. Did you mean to set the 'moduleResolution' option to 'nodenext', or to add aliases to the 'paths' option?
shared/node_modules/is-weakset/tsconfig.json(2,13): error TS6053: File '@ljharb/tsconfig' not found.
=== ./shared/node_modules/is-map/tsconfig.json ===
shared/node_modules/is-map/index.js(35,3): error TS18047: '$mapHas' is possibly 'null'.
shared/node_modules/is-map/index.js(35,11): error TS2554: Expected 2 arguments, but got 1.
shared/node_modules/is-map/index.js(38,13): error TS2554: Expected 2 arguments, but got 1.
shared/node_modules/is-map/test/index.js(3,20): error TS2307: Cannot find module 'tape' or its corresponding type declarations.
shared/node_modules/is-map/test/index.js(4,21): error TS7016: Could not find a declaration file for module 'object-inspect'. '/home/kinginyellow/projects/medianest/shared/node_modules/object-inspect/index.js' implicitly has an 'any' type.
  Try `npm i --save-dev @types/object-inspect` if it exists or add a new declaration (.d.ts) file containing `declare module 'object-inspect';`
shared/node_modules/is-map/test/index.js(9,35): error TS7006: Parameter 't' implicitly has an 'any' type.
shared/node_modules/is-map/test/index.js(33,61): error TS7006: Parameter 't' implicitly has an 'any' type.
shared/node_modules/is-map/test/index.js(40,61): error TS7006: Parameter 't' implicitly has an 'any' type.
shared/node_modules/is-map/test/index.js(47,69): error TS7006: Parameter 't' implicitly has an 'any' type.
shared/node_modules/is-map/test/index.js(54,69): error TS7006: Parameter 't' implicitly has an 'any' type.
=== ./shared/node_modules/available-typed-arrays/tsconfig.json ===
shared/node_modules/available-typed-arrays/index.js(5,45): error TS2304: Cannot find name 'global'.
shared/node_modules/available-typed-arrays/test/index.js(3,20): error TS2307: Cannot find module 'tape' or its corresponding type declarations.
shared/node_modules/available-typed-arrays/test/index.js(5,21): error TS2307: Cannot find module 'array.prototype.every' or its corresponding type declarations.
shared/node_modules/available-typed-arrays/test/index.js(9,42): error TS7006: Parameter 't' implicitly has an 'any' type.
shared/node_modules/available-typed-arrays/test/index.js(15,34): error TS7006: Parameter 'array' implicitly has an 'any' type.
=== ./shared/node_modules/is-boolean-object/tsconfig.json ===
shared/node_modules/@types/node/web-globals/fetch.d.ts(3,25): error TS2792: Cannot find module 'undici-types'. Did you mean to set the 'moduleResolution' option to 'nodenext', or to add aliases to the 'paths' option?
shared/node_modules/is-boolean-object/tsconfig.json(2,13): error TS6053: File '@ljharb/tsconfig' not found.
=== ./shared/node_modules/eslint-module-utils/tsconfig.json ===
shared/node_modules/eslint-module-utils/tsconfig.json(2,13): error TS6053: File '@ljharb/tsconfig' not found.
=== ./shared/node_modules/safe-push-apply/tsconfig.json ===
shared/node_modules/@types/node/web-globals/fetch.d.ts(3,25): error TS2792: Cannot find module 'undici-types'. Did you mean to set the 'moduleResolution' option to 'nodenext', or to add aliases to the 'paths' option?
shared/node_modules/safe-push-apply/tsconfig.json(2,14): error TS6053: File '@ljharb/tsconfig' not found.
=== ./shared/node_modules/typed-array-byte-offset/tsconfig.json ===
shared/node_modules/@types/node/web-globals/fetch.d.ts(3,25): error TS2792: Cannot find module 'undici-types'. Did you mean to set the 'moduleResolution' option to 'nodenext', or to add aliases to the 'paths' option?
shared/node_modules/typed-array-byte-offset/index.d.ts(1,29): error TS2792: Cannot find module 'possible-typed-array-names'. Did you mean to set the 'moduleResolution' option to 'nodenext', or to add aliases to the 'paths' option?
shared/node_modules/typed-array-byte-offset/index.d.ts(6,56): error TS2538: Type 'any' cannot be used as an index type.
shared/node_modules/typed-array-byte-offset/tsconfig.json(2,13): error TS6053: File '@ljharb/tsconfig' not found.
=== ./shared/node_modules/define-data-property/tsconfig.json ===
shared/node_modules/define-data-property/test/index.js(3,20): error TS2307: Cannot find module 'tape' or its corresponding type declarations.
shared/node_modules/define-data-property/test/index.js(4,17): error TS2307: Cannot find module 'es-value-fixtures' or its corresponding type declarations.
shared/node_modules/define-data-property/test/index.js(9,41): error TS2307: Cannot find module 'object.getownpropertydescriptors' or its corresponding type declarations.
shared/node_modules/define-data-property/test/index.js(10,23): error TS2307: Cannot find module 'reflect.ownkeys' or its corresponding type declarations.
shared/node_modules/define-data-property/test/index.js(14,38): error TS7006: Parameter 't' implicitly has an 'any' type.
shared/node_modules/define-data-property/test/index.js(15,42): error TS7006: Parameter 'st' implicitly has an 'any' type.
shared/node_modules/define-data-property/test/index.js(18,5): error TS2578: Unused '@ts-expect-error' directive.
shared/node_modules/define-data-property/test/index.js(27,5): error TS2578: Unused '@ts-expect-error' directive.
shared/node_modules/define-data-property/test/index.js(37,6): error TS2578: Unused '@ts-expect-error' directive.
shared/node_modules/define-data-property/test/index.js(44,6): error TS2578: Unused '@ts-expect-error' directive.
shared/node_modules/define-data-property/test/index.js(51,6): error TS2578: Unused '@ts-expect-error' directive.
shared/node_modules/define-data-property/test/index.js(62,43): error TS7006: Parameter 'st' implicitly has an 'any' type.
shared/node_modules/define-data-property/test/index.js(92,68): error TS7006: Parameter 'st' implicitly has an 'any' type.
shared/node_modules/define-data-property/test/index.js(158,86): error TS7006: Parameter 'st' implicitly has an 'any' type.
shared/node_modules/define-data-property/test/index.js(190,92): error TS7006: Parameter 'st' implicitly has an 'any' type.
shared/node_modules/define-data-property/test/index.js(232,97): error TS7006: Parameter 'st' implicitly has an 'any' type.
shared/node_modules/define-data-property/test/index.js(302,77): error TS7006: Parameter 'st' implicitly has an 'any' type.
shared/node_modules/define-data-property/test/index.js(320,77): error TS7006: Parameter 'st' implicitly has an 'any' type.
shared/node_modules/define-data-property/test/index.js(355,84): error TS7006: Parameter 'st' implicitly has an 'any' type.
shared/node_modules/object-inspect/index.js(2,25): error TS2774: This condition will always return true since this function is always defined. Did you mean to call it instead?
shared/node_modules/object-inspect/index.js(6,25): error TS2774: This condition will always return true since this function is always defined. Did you mean to call it instead?
shared/node_modules/object-inspect/index.js(33,74): error TS2367: This comparison appears to be unintentional because the types 'string' and 'boolean' have no overlap.
shared/node_modules/object-inspect/index.js(39,8): error TS2339: Property '__proto__' does not exist on type 'never[]'.
shared/node_modules/object-inspect/index.js(46,30): error TS7006: Parameter 'num' implicitly has an 'any' type.
shared/node_modules/object-inspect/index.js(46,35): error TS7006: Parameter 'str' implicitly has an 'any' type.
shared/node_modules/object-inspect/index.js(62,52): error TS2345: Argument of type 'string' is not assignable to parameter of type '(substring: string, ...args: any[]) => string'.
shared/node_modules/object-inspect/index.js(62,115): error TS2345: Argument of type 'string' is not assignable to parameter of type '(substring: string, ...args: any[]) => string'.
shared/node_modules/object-inspect/index.js(62,129): error TS2345: Argument of type 'string' is not assignable to parameter of type '(substring: string, ...args: any[]) => string'.
shared/node_modules/object-inspect/index.js(65,41): error TS2345: Argument of type 'string' is not assignable to parameter of type '(substring: string, ...args: any[]) => string'.
shared/node_modules/object-inspect/index.js(68,27): error TS7016: Could not find a declaration file for module './util.inspect'. '/home/kinginyellow/projects/medianest/shared/node_modules/object-inspect/util.inspect.js' implicitly has an 'any' type.
shared/node_modules/object-inspect/index.js(83,27): error TS7023: 'inspect_' implicitly has return type 'any' because it does not have a return type annotation and is referenced directly or indirectly in one of its return expressions.
shared/node_modules/object-inspect/index.js(83,36): error TS7006: Parameter 'obj' implicitly has an 'any' type.
shared/node_modules/object-inspect/index.js(83,41): error TS7006: Parameter 'options' implicitly has an 'any' type.
shared/node_modules/object-inspect/index.js(83,50): error TS7006: Parameter 'depth' implicitly has an 'any' type.
shared/node_modules/object-inspect/index.js(83,57): error TS7006: Parameter 'seen' implicitly has an 'any' type.
shared/node_modules/object-inspect/index.js(154,14): error TS7023: 'inspect' implicitly has return type 'any' because it does not have a return type annotation and is referenced directly or indirectly in one of its return expressions.
shared/node_modules/object-inspect/index.js(154,22): error TS7006: Parameter 'value' implicitly has an 'any' type.
shared/node_modules/object-inspect/index.js(154,29): error TS7006: Parameter 'from' implicitly has an 'any' type.
shared/node_modules/object-inspect/index.js(154,35): error TS7006: Parameter 'noIndent' implicitly has an 'any' type.
shared/node_modules/object-inspect/index.js(164,25): error TS2339: Property 'quoteStyle' does not exist on type '{ depth: any; }'.
shared/node_modules/object-inspect/index.js(177,98): error TS2345: Argument of type 'string' is not assignable to parameter of type '(substring: string, ...args: any[]) => string'.
shared/node_modules/object-inspect/index.js(215,13): error TS7034: Variable 'mapParts' implicitly has type 'any[]' in some locations where its type cannot be determined.
shared/node_modules/object-inspect/index.js(217,44): error TS7006: Parameter 'value' implicitly has an 'any' type.
shared/node_modules/object-inspect/index.js(217,51): error TS7006: Parameter 'key' implicitly has an 'any' type.
shared/node_modules/object-inspect/index.js(221,36): error TS2684: The 'this' context of type '(() => any) | null' is not assignable to method's 'this' of type '(this: any) => any'.
  Type 'null' is not assignable to type '(this: any) => any'.
shared/node_modules/object-inspect/index.js(221,36): error TS18047: 'mapSize' is possibly 'null'.
shared/node_modules/object-inspect/index.js(221,55): error TS7005: Variable 'mapParts' implicitly has an 'any[]' type.
shared/node_modules/object-inspect/index.js(224,13): error TS7034: Variable 'setParts' implicitly has type 'any[]' in some locations where its type cannot be determined.
shared/node_modules/object-inspect/index.js(226,44): error TS7006: Parameter 'value' implicitly has an 'any' type.
shared/node_modules/object-inspect/index.js(230,36): error TS2684: The 'this' context of type '(() => any) | null' is not assignable to method's 'this' of type '(this: any) => any'.
  Type 'null' is not assignable to type '(this: any) => any'.
shared/node_modules/object-inspect/index.js(230,36): error TS18047: 'setSize' is possibly 'null'.
shared/node_modules/object-inspect/index.js(230,55): error TS7005: Variable 'setParts' implicitly has an 'any[]' type.
shared/node_modules/object-inspect/index.js(260,20): error TS2304: Cannot find name 'global'.
shared/node_modules/object-inspect/index.js(260,54): error TS2304: Cannot find name 'global'.
shared/node_modules/object-inspect/index.js(280,21): error TS7006: Parameter 's' implicitly has an 'any' type.
shared/node_modules/object-inspect/index.js(280,24): error TS7006: Parameter 'defaultStyle' implicitly has an 'any' type.
shared/node_modules/object-inspect/index.js(280,38): error TS7006: Parameter 'opts' implicitly has an 'any' type.
shared/node_modules/object-inspect/index.js(282,21): error TS7053: Element implicitly has an 'any' type because expression of type 'any' can't be used to index type '{ __proto__: null; double: string; single: string; }'.
shared/node_modules/object-inspect/index.js(286,16): error TS7006: Parameter 's' implicitly has an 'any' type.
shared/node_modules/object-inspect/index.js(287,43): error TS2345: Argument of type 'string' is not assignable to parameter of type '(substring: string, ...args: any[]) => string'.
shared/node_modules/object-inspect/index.js(290,27): error TS7006: Parameter 'obj' implicitly has an 'any' type.
shared/node_modules/object-inspect/index.js(293,18): error TS7006: Parameter 'obj' implicitly has an 'any' type.
shared/node_modules/object-inspect/index.js(294,17): error TS7006: Parameter 'obj' implicitly has an 'any' type.
shared/node_modules/object-inspect/index.js(295,19): error TS7006: Parameter 'obj' implicitly has an 'any' type.
shared/node_modules/object-inspect/index.js(296,18): error TS7006: Parameter 'obj' implicitly has an 'any' type.
shared/node_modules/object-inspect/index.js(297,19): error TS7006: Parameter 'obj' implicitly has an 'any' type.
shared/node_modules/object-inspect/index.js(298,19): error TS7006: Parameter 'obj' implicitly has an 'any' type.
shared/node_modules/object-inspect/index.js(299,20): error TS7006: Parameter 'obj' implicitly has an 'any' type.
shared/node_modules/object-inspect/index.js(302,19): error TS7006: Parameter 'obj' implicitly has an 'any' type.
shared/node_modules/object-inspect/index.js(319,19): error TS7006: Parameter 'obj' implicitly has an 'any' type.
shared/node_modules/object-inspect/index.js(330,80): error TS2683: 'this' implicitly has type 'any' because it does not have a type annotation.
shared/node_modules/object-inspect/index.js(331,14): error TS7006: Parameter 'obj' implicitly has an 'any' type.
shared/node_modules/object-inspect/index.js(331,19): error TS7006: Parameter 'key' implicitly has an 'any' type.
shared/node_modules/object-inspect/index.js(335,16): error TS7006: Parameter 'obj' implicitly has an 'any' type.
shared/node_modules/object-inspect/index.js(339,17): error TS7006: Parameter 'f' implicitly has an 'any' type.
shared/node_modules/object-inspect/index.js(346,18): error TS7006: Parameter 'xs' implicitly has an 'any' type.
shared/node_modules/object-inspect/index.js(346,22): error TS7006: Parameter 'x' implicitly has an 'any' type.
shared/node_modules/object-inspect/index.js(354,16): error TS7006: Parameter 'x' implicitly has an 'any' type.
shared/node_modules/object-inspect/index.js(361,13): error TS2684: The 'this' context of type '(() => any) | null' is not assignable to method's 'this' of type '(this: any) => any'.
  Type 'null' is not assignable to type '(this: any) => any'.
shared/node_modules/object-inspect/index.js(361,13): error TS18047: 'setSize' is possibly 'null'.
shared/node_modules/object-inspect/index.js(370,20): error TS7006: Parameter 'x' implicitly has an 'any' type.
shared/node_modules/object-inspect/index.js(377,13): error TS2684: The 'this' context of type '((value: object) => boolean) | null' is not assignable to method's 'this' of type '(this: any, value: object) => boolean'.
  Type 'null' is not assignable to type '(this: any, value: object) => boolean'.
shared/node_modules/object-inspect/index.js(377,13): error TS18047: 'weakSetHas' is possibly 'null'.
shared/node_modules/object-inspect/index.js(386,20): error TS7006: Parameter 'x' implicitly has an 'any' type.
shared/node_modules/object-inspect/index.js(397,16): error TS7006: Parameter 'x' implicitly has an 'any' type.
shared/node_modules/object-inspect/index.js(404,13): error TS2684: The 'this' context of type '(() => any) | null' is not assignable to method's 'this' of type '(this: any) => any'.
  Type 'null' is not assignable to type '(this: any) => any'.
shared/node_modules/object-inspect/index.js(404,13): error TS18047: 'mapSize' is possibly 'null'.
shared/node_modules/object-inspect/index.js(413,20): error TS7006: Parameter 'x' implicitly has an 'any' type.
shared/node_modules/object-inspect/index.js(420,13): error TS2684: The 'this' context of type '((key: object) => boolean) | null' is not assignable to method's 'this' of type '(this: any, key: object) => boolean'.
  Type 'null' is not assignable to type '(this: any, key: object) => boolean'.
shared/node_modules/object-inspect/index.js(420,13): error TS18047: 'weakMapHas' is possibly 'null'.
shared/node_modules/object-inspect/index.js(429,20): error TS7006: Parameter 'x' implicitly has an 'any' type.
shared/node_modules/object-inspect/index.js(437,10): error TS7023: 'inspectString' implicitly has return type 'any' because it does not have a return type annotation and is referenced directly or indirectly in one of its return expressions.
shared/node_modules/object-inspect/index.js(437,24): error TS7006: Parameter 'str' implicitly has an 'any' type.
shared/node_modules/object-inspect/index.js(437,29): error TS7006: Parameter 'opts' implicitly has an 'any' type.
shared/node_modules/object-inspect/index.js(443,19): error TS7053: Element implicitly has an 'any' type because expression of type 'any' can't be used to index type '{ __proto__: null; double: RegExp; single: RegExp; }'.
shared/node_modules/object-inspect/index.js(446,55): error TS2345: Argument of type 'string' is not assignable to parameter of type '(substring: string, ...args: any[]) => string'.
shared/node_modules/object-inspect/index.js(450,18): error TS7006: Parameter 'c' implicitly has an 'any' type.
shared/node_modules/object-inspect/index.js(452,13): error TS7053: Element implicitly has an 'any' type because expression of type 'any' can't be used to index type '{ 8: string; 9: string; 10: string; 12: string; 13: string; }'.
shared/node_modules/object-inspect/index.js(463,20): error TS7006: Parameter 'str' implicitly has an 'any' type.
shared/node_modules/object-inspect/index.js(467,27): error TS7006: Parameter 'type' implicitly has an 'any' type.
shared/node_modules/object-inspect/index.js(471,23): error TS7006: Parameter 'type' implicitly has an 'any' type.
shared/node_modules/object-inspect/index.js(471,29): error TS7006: Parameter 'size' implicitly has an 'any' type.
shared/node_modules/object-inspect/index.js(471,35): error TS7006: Parameter 'entries' implicitly has an 'any' type.
shared/node_modules/object-inspect/index.js(471,44): error TS7006: Parameter 'indent' implicitly has an 'any' type.
shared/node_modules/object-inspect/index.js(476,27): error TS7006: Parameter 'xs' implicitly has an 'any' type.
shared/node_modules/object-inspect/index.js(485,20): error TS7006: Parameter 'opts' implicitly has an 'any' type.
shared/node_modules/object-inspect/index.js(485,26): error TS7006: Parameter 'depth' implicitly has an 'any' type.
shared/node_modules/object-inspect/index.js(500,23): error TS7006: Parameter 'xs' implicitly has an 'any' type.
shared/node_modules/object-inspect/index.js(500,27): error TS7006: Parameter 'indent' implicitly has an 'any' type.
shared/node_modules/object-inspect/index.js(506,21): error TS7006: Parameter 'obj' implicitly has an 'any' type.
shared/node_modules/object-inspect/index.js(506,26): error TS7006: Parameter 'inspect' implicitly has an 'any' type.
shared/node_modules/object-inspect/index.js(520,13): error TS7053: Element implicitly has an 'any' type because expression of type 'string' can't be used to index type '{}'.
  No index signature with a parameter of type 'string' was found on type '{}'.
shared/node_modules/object-inspect/index.js(520,26): error TS2469: The '+' operator cannot be applied to type 'symbol'.
shared/node_modules/object-inspect/index.js(527,34): error TS18048: 'symMap' is possibly 'undefined'.
shared/node_modules/object-inspect/index.js(527,34): error TS2358: The left-hand side of an 'instanceof' expression must be of type 'any', an object type or a type parameter.
shared/node_modules/object-inspect/index.js(538,40): error TS2345: Argument of type 'symbol | undefined' is not assignable to parameter of type 'PropertyKey'.
  Type 'undefined' is not assignable to type 'PropertyKey'.
shared/node_modules/object-inspect/index.js(539,70): error TS2538: Type 'undefined' cannot be used as an index type.
=== ./shared/node_modules/typed-array-byte-length/tsconfig.json ===
shared/node_modules/@types/node/web-globals/fetch.d.ts(3,25): error TS2792: Cannot find module 'undici-types'. Did you mean to set the 'moduleResolution' option to 'nodenext', or to add aliases to the 'paths' option?
shared/node_modules/typed-array-byte-length/index.d.ts(1,33): error TS2792: Cannot find module 'is-typed-array'. Did you mean to set the 'moduleResolution' option to 'nodenext', or to add aliases to the 'paths' option?
shared/node_modules/typed-array-byte-length/tsconfig.json(2,13): error TS6053: File '@ljharb/tsconfig' not found.
=== ./shared/node_modules/side-channel-weakmap/tsconfig.json ===
shared/node_modules/@types/node/web-globals/fetch.d.ts(3,25): error TS2792: Cannot find module 'undici-types'. Did you mean to set the 'moduleResolution' option to 'nodenext', or to add aliases to the 'paths' option?
shared/node_modules/side-channel-weakmap/tsconfig.json(2,13): error TS6053: File '@ljharb/tsconfig' not found.
=== ./shared/node_modules/possible-typed-array-names/tsconfig.json ===
shared/node_modules/@types/node/web-globals/fetch.d.ts(3,25): error TS2792: Cannot find module 'undici-types'. Did you mean to set the 'moduleResolution' option to 'nodenext', or to add aliases to the 'paths' option?
shared/node_modules/possible-typed-array-names/tsconfig.json(2,13): error TS6053: File '@ljharb/tsconfig' not found.
=== ./shared/node_modules/set-function-name/tsconfig.json ===
shared/node_modules/functions-have-names/index.js(13,3): error TS2322: Type 'null' is not assignable to type '(o: any, p: PropertyKey) => PropertyDescriptor | undefined'.
shared/node_modules/functions-have-names/index.js(28,80): error TS2555: Expected at least 1 arguments, but got 0.
=== ./shared/node_modules/is-negative-zero/tsconfig.json ===
shared/node_modules/is-negative-zero/test/index.js(3,20): error TS2307: Cannot find module 'tape' or its corresponding type declarations.
shared/node_modules/is-negative-zero/test/index.js(6,37): error TS7006: Parameter 't' implicitly has an 'any' type.
shared/node_modules/is-negative-zero/test/index.js(25,33): error TS7006: Parameter 't' implicitly has an 'any' type.
=== ./shared/node_modules/es-to-primitive/tsconfig.json ===
shared/node_modules/@types/node/web-globals/fetch.d.ts(3,25): error TS2792: Cannot find module 'undici-types'. Did you mean to set the 'moduleResolution' option to 'nodenext', or to add aliases to the 'paths' option?
shared/node_modules/es-to-primitive/es6.d.ts(1,8): error TS1259: Module '"/home/kinginyellow/projects/medianest/shared/node_modules/es-to-primitive/es2015"' can only be default-imported using the 'allowSyntheticDefaultImports' flag
shared/node_modules/es-to-primitive/index.d.ts(1,8): error TS1259: Module '"/home/kinginyellow/projects/medianest/shared/node_modules/es-to-primitive/es5"' can only be default-imported using the 'allowSyntheticDefaultImports' flag
shared/node_modules/es-to-primitive/index.d.ts(2,8): error TS1259: Module '"/home/kinginyellow/projects/medianest/shared/node_modules/es-to-primitive/es6"' can only be default-imported using the 'allowSyntheticDefaultImports' flag
shared/node_modules/es-to-primitive/index.d.ts(3,8): error TS1259: Module '"/home/kinginyellow/projects/medianest/shared/node_modules/es-to-primitive/es2015"' can only be default-imported using the 'allowSyntheticDefaultImports' flag
shared/node_modules/es-to-primitive/tsconfig.json(2,13): error TS6053: File '@ljharb/tsconfig' not found.
=== ./shared/node_modules/own-keys/tsconfig.json ===
shared/node_modules/@types/node/web-globals/fetch.d.ts(3,25): error TS2792: Cannot find module 'undici-types'. Did you mean to set the 'moduleResolution' option to 'nodenext', or to add aliases to the 'paths' option?
shared/node_modules/own-keys/tsconfig.json(2,14): error TS6053: File '@ljharb/tsconfig' not found.
=== ./shared/node_modules/typed-array-buffer/tsconfig.json ===
shared/node_modules/@types/node/web-globals/fetch.d.ts(3,25): error TS2792: Cannot find module 'undici-types'. Did you mean to set the 'moduleResolution' option to 'nodenext', or to add aliases to the 'paths' option?
shared/node_modules/typed-array-buffer/index.d.ts(1,33): error TS2792: Cannot find module 'is-typed-array'. Did you mean to set the 'moduleResolution' option to 'nodenext', or to add aliases to the 'paths' option?
shared/node_modules/typed-array-buffer/tsconfig.json(2,13): error TS6053: File '@ljharb/tsconfig' not found.
=== ./frontend/tsconfig.json ===
frontend/src/app/(auth)/plex/collections/page.tsx(62,13): error TS2322: Type '{ onSelect: (library: PlexLibrary) => void; filterTypes: string[]; }' is not assignable to type 'IntrinsicAttributes & LibrarySelectorProps'.
  Property 'onSelect' does not exist on type 'IntrinsicAttributes & LibrarySelectorProps'.
frontend/src/app/api/auth/__tests__/change-password-route.test.ts(51,35): error TS2833: Cannot find namespace 'vi'. Did you mean 'Vi'?
frontend/src/app/api/auth/__tests__/change-password-route.test.ts(58,27): error TS2833: Cannot find namespace 'vi'. Did you mean 'Vi'?
frontend/src/app/api/auth/__tests__/change-password-route.test.ts(61,31): error TS2833: Cannot find namespace 'vi'. Did you mean 'Vi'?
frontend/src/app/api/auth/__tests__/change-password-route.test.ts(92,29): error TS2833: Cannot find namespace 'vi'. Did you mean 'Vi'?
frontend/src/app/api/auth/__tests__/change-password-route.test.ts(170,35): error TS2833: Cannot find namespace 'vi'. Did you mean 'Vi'?
frontend/src/app/api/auth/__tests__/change-password-route.test.ts(174,27): error TS2833: Cannot find namespace 'vi'. Did you mean 'Vi'?
frontend/src/app/api/auth/__tests__/change-password-route.test.ts(175,31): error TS2833: Cannot find namespace 'vi'. Did you mean 'Vi'?
frontend/src/app/api/auth/__tests__/change-password-route.test.ts(193,35): error TS2833: Cannot find namespace 'vi'. Did you mean 'Vi'?
frontend/src/app/api/auth/__tests__/change-password-route.test.ts(199,27): error TS2833: Cannot find namespace 'vi'. Did you mean 'Vi'?
frontend/src/app/api/auth/__tests__/change-password-route.test.ts(220,35): error TS2833: Cannot find namespace 'vi'. Did you mean 'Vi'?
frontend/src/app/api/auth/__tests__/change-password-route.test.ts(226,27): error TS2503: Cannot find namespace 'vi'.
frontend/src/app/api/auth/__tests__/change-password-route.test.ts(248,35): error TS2503: Cannot find namespace 'vi'.
frontend/src/app/api/auth/__tests__/change-password-route.test.ts(268,35): error TS2503: Cannot find namespace 'vi'.
frontend/src/app/api/auth/__tests__/change-password-route.test.ts(289,35): error TS2503: Cannot find namespace 'vi'.
frontend/src/app/api/auth/__tests__/change-password-route.test.ts(293,27): error TS2503: Cannot find namespace 'vi'.
frontend/src/app/api/auth/__tests__/change-password-route.test.ts(294,24): error TS2503: Cannot find namespace 'vi'.
frontend/src/app/api/auth/__tests__/change-password-route.test.ts(330,35): error TS2503: Cannot find namespace 'vi'.
frontend/src/app/api/auth/__tests__/change-password-route.test.ts(334,27): error TS2503: Cannot find namespace 'vi'.
frontend/src/app/api/auth/__tests__/change-password-route.test.ts(335,31): error TS2503: Cannot find namespace 'vi'.
frontend/src/app/api/auth/__tests__/change-password-route.test.ts(379,29): error TS2503: Cannot find namespace 'vi'.
frontend/src/app/api/auth/__tests__/change-password-route.test.ts(406,35): error TS2503: Cannot find namespace 'vi'.
frontend/src/app/api/auth/__tests__/change-password-route.test.ts(410,27): error TS2503: Cannot find namespace 'vi'.
frontend/src/app/api/auth/__tests__/change-password-route.test.ts(411,31): error TS2503: Cannot find namespace 'vi'.
frontend/src/app/api/auth/__tests__/nextauth-route.test.ts(8,30): error TS6133: 'req' is declared but its value is never read.
frontend/src/app/api/auth/__tests__/nextauth-route.test.ts(8,35): error TS6133: 'res' is declared but its value is never read.
frontend/src/app/api/auth/__tests__/nextauth-route.test.ts(45,47): error TS2554: Expected 1 arguments, but got 2.
frontend/src/app/api/auth/__tests__/nextauth-route.test.ts(54,50): error TS2554: Expected 1 arguments, but got 2.
frontend/src/app/api/auth/__tests__/nextauth-route.test.ts(63,49): error TS2554: Expected 1 arguments, but got 2.
frontend/src/app/api/auth/__tests__/nextauth-route.test.ts(70,51): error TS2554: Expected 1 arguments, but got 2.
frontend/src/app/api/auth/__tests__/nextauth-route.test.ts(77,50): error TS2554: Expected 1 arguments, but got 2.
frontend/src/app/api/auth/__tests__/nextauth-route.test.ts(85,48): error TS2554: Expected 1 arguments, but got 2.
frontend/src/app/api/auth/__tests__/nextauth-route.test.ts(101,50): error TS2554: Expected 1 arguments, but got 2.
frontend/src/app/api/auth/__tests__/nextauth-route.test.ts(113,52): error TS2554: Expected 1 arguments, but got 2.
frontend/src/app/api/auth/__tests__/nextauth-route.test.ts(122,51): error TS2554: Expected 1 arguments, but got 2.
frontend/src/app/api/auth/__tests__/nextauth-route.test.ts(138,27): error TS2503: Cannot find namespace 'vi'.
frontend/src/app/api/auth/__tests__/nextauth-route.test.ts(140,30): error TS2554: Expected 1 arguments, but got 2.
frontend/src/app/api/auth/__tests__/nextauth-route.test.ts(146,27): error TS2503: Cannot find namespace 'vi'.
frontend/src/app/api/auth/__tests__/nextauth-route.test.ts(149,47): error TS2554: Expected 1 arguments, but got 2.
frontend/src/app/api/auth/__tests__/nextauth-route.test.ts(158,52): error TS2554: Expected 1 arguments, but got 2.
frontend/src/app/api/auth/__tests__/nextauth-route.test.ts(170,51): error TS2554: Expected 1 arguments, but got 2.
frontend/src/app/api/auth/__tests__/nextauth-route.test.ts(179,47): error TS2554: Expected 1 arguments, but got 2.
frontend/src/app/api/auth/__tests__/nextauth-route.test.ts(188,47): error TS2554: Expected 1 arguments, but got 2.
frontend/src/app/api/auth/__tests__/nextauth-route.test.ts(197,30): error TS2554: Expected 1 arguments, but got 2.
frontend/src/app/api/auth/__tests__/nextauth-route.test.ts(208,72): error TS2554: Expected 1 arguments, but got 2.
frontend/src/app/api/auth/__tests__/plex-callback-route.test.ts(48,15): error TS2339: Property 'getPlexUser' does not exist on type 'typeof import("/home/kinginyellow/projects/medianest/frontend/src/lib/auth/plex-provider")'.
frontend/src/app/api/auth/__tests__/plex-callback-route.test.ts(52,35): error TS2503: Cannot find namespace 'vi'.
frontend/src/app/api/auth/__tests__/plex-callback-route.test.ts(53,31): error TS2503: Cannot find namespace 'vi'.
frontend/src/app/api/auth/__tests__/plex-callback-route.test.ts(92,15): error TS2339: Property 'getPlexUser' does not exist on type 'typeof import("/home/kinginyellow/projects/medianest/frontend/src/lib/auth/plex-provider")'.
frontend/src/app/api/auth/__tests__/plex-callback-route.test.ts(96,35): error TS2503: Cannot find namespace 'vi'.
frontend/src/app/api/auth/__tests__/plex-callback-route.test.ts(103,31): error TS2503: Cannot find namespace 'vi'.
frontend/src/app/api/auth/__tests__/plex-callback-route.test.ts(146,15): error TS2339: Property 'getPlexUser' does not exist on type 'typeof import("/home/kinginyellow/projects/medianest/frontend/src/lib/auth/plex-provider")'.
frontend/src/app/api/auth/__tests__/plex-callback-route.test.ts(147,24): error TS2503: Cannot find namespace 'vi'.
frontend/src/app/api/auth/__tests__/plex-callback-route.test.ts(164,13): error TS6133: 'getPlexUser' is declared but its value is never read.
frontend/src/app/api/auth/__tests__/plex-callback-route.test.ts(164,15): error TS2339: Property 'getPlexUser' does not exist on type 'typeof import("/home/kinginyellow/projects/medianest/frontend/src/lib/auth/plex-provider")'.
frontend/src/app/api/auth/__tests__/plex-callback-route.test.ts(167,35): error TS2503: Cannot find namespace 'vi'.
frontend/src/app/api/auth/__tests__/plex-callback-route.test.ts(197,15): error TS2339: Property 'getPlexUser' does not exist on type 'typeof import("/home/kinginyellow/projects/medianest/frontend/src/lib/auth/plex-provider")'.
frontend/src/app/api/auth/__tests__/plex-callback-route.test.ts(201,24): error TS2503: Cannot find namespace 'vi'.
frontend/src/app/api/auth/__tests__/plex-callback-route.test.ts(209,35): error TS2503: Cannot find namespace 'vi'.
frontend/src/app/api/auth/__tests__/plex-callback-route.test.ts(210,31): error TS2503: Cannot find namespace 'vi'.
frontend/src/app/api/auth/__tests__/plex-callback-route.test.ts(272,15): error TS2339: Property 'getPlexUser' does not exist on type 'typeof import("/home/kinginyellow/projects/medianest/frontend/src/lib/auth/plex-provider")'.
frontend/src/app/api/auth/__tests__/plex-callback-route.test.ts(276,24): error TS2503: Cannot find namespace 'vi'.
frontend/src/app/api/auth/__tests__/plex-callback-route.test.ts(284,35): error TS2503: Cannot find namespace 'vi'.
frontend/src/app/api/auth/__tests__/plex-callback-route.test.ts(285,31): error TS2503: Cannot find namespace 'vi'.
frontend/src/app/api/auth/__tests__/plex-callback-route.test.ts(314,13): error TS6133: 'getPlexUser' is declared but its value is never read.
frontend/src/app/api/auth/__tests__/plex-callback-route.test.ts(314,15): error TS2339: Property 'getPlexUser' does not exist on type 'typeof import("/home/kinginyellow/projects/medianest/frontend/src/lib/auth/plex-provider")'.
frontend/src/app/api/auth/__tests__/plex-callback-route.test.ts(317,35): error TS2503: Cannot find namespace 'vi'.
frontend/src/app/api/auth/__tests__/plex-callback-route.test.ts(318,31): error TS2503: Cannot find namespace 'vi'.
frontend/src/app/api/auth/__tests__/plex-callback-route.test.ts(342,14): error TS2532: Object is possibly 'undefined'.
frontend/src/app/api/auth/__tests__/plex-callback-route.test.ts(343,14): error TS2532: Object is possibly 'undefined'.
frontend/src/app/api/auth/__tests__/plex-callback-route.test.ts(347,15): error TS2339: Property 'getPlexUser' does not exist on type 'typeof import("/home/kinginyellow/projects/medianest/frontend/src/lib/auth/plex-provider")'.
frontend/src/app/api/auth/__tests__/plex-callback-route.test.ts(348,24): error TS2503: Cannot find namespace 'vi'.
frontend/src/app/api/auth/__tests__/plex-callback-route.test.ts(367,15): error TS2339: Property 'getPlexUser' does not exist on type 'typeof import("/home/kinginyellow/projects/medianest/frontend/src/lib/auth/plex-provider")'.
frontend/src/app/api/auth/__tests__/plex-callback-route.test.ts(378,24): error TS2503: Cannot find namespace 'vi'.
frontend/src/app/api/auth/__tests__/plex-callback-route.test.ts(379,35): error TS2503: Cannot find namespace 'vi'.
frontend/src/app/api/auth/__tests__/plex-callback-route.test.ts(380,31): error TS2503: Cannot find namespace 'vi'.
frontend/src/app/api/auth/__tests__/plex-pin-route.test.ts(107,26): error TS2503: Cannot find namespace 'vi'.
frontend/src/app/api/auth/__tests__/plex-pin-route.test.ts(160,25): error TS2503: Cannot find namespace 'vi'.
frontend/src/app/api/auth/__tests__/plex-pin-route.test.ts(220,25): error TS2503: Cannot find namespace 'vi'.
frontend/src/app/api/auth/__tests__/plex-pin-route.test.ts(240,25): error TS2503: Cannot find namespace 'vi'.
frontend/src/app/api/auth/__tests__/plex-pin-route.test.ts(308,43): error TS2503: Cannot find namespace 'vi'.
frontend/src/app/auth/change-password/__tests__/change-password-comprehensive.test.tsx(6,1): error TS6133: 'renderWithProviders' is declared but its value is never read.
frontend/src/app/auth/change-password/__tests__/change-password-comprehensive.test.tsx(14,36): error TS2503: Cannot find namespace 'vi'.
frontend/src/app/auth/change-password/__tests__/change-password-comprehensive.test.tsx(15,48): error TS2503: Cannot find namespace 'vi'.
frontend/src/app/auth/change-password/__tests__/change-password-comprehensive.test.tsx(16,38): error TS2503: Cannot find namespace 'vi'.
frontend/src/app/auth/change-password/__tests__/change-password-comprehensive.test.tsx(17,32): error TS2503: Cannot find namespace 'vi'.
frontend/src/app/auth/change-password/__tests__/change-password-comprehensive.test.tsx(216,25): error TS2503: Cannot find namespace 'vi'.
frontend/src/app/auth/change-password/__tests__/change-password-comprehensive.test.tsx(255,25): error TS2503: Cannot find namespace 'vi'.
frontend/src/app/auth/change-password/__tests__/change-password-comprehensive.test.tsx(285,25): error TS2503: Cannot find namespace 'vi'.
frontend/src/app/auth/change-password/__tests__/change-password-comprehensive.test.tsx(307,25): error TS2503: Cannot find namespace 'vi'.
frontend/src/app/auth/change-password/__tests__/change-password-comprehensive.test.tsx(334,25): error TS2503: Cannot find namespace 'vi'.
frontend/src/app/auth/change-password/__tests__/change-password-comprehensive.test.tsx(364,25): error TS2503: Cannot find namespace 'vi'.
frontend/src/app/auth/change-password/__tests__/change-password-comprehensive.test.tsx(423,25): error TS2503: Cannot find namespace 'vi'.
frontend/src/app/auth/change-password/__tests__/change-password-comprehensive.test.tsx(454,24): error TS2345: Argument of type 'HTMLElement | undefined' is not assignable to parameter of type 'Element'.
  Type 'undefined' is not assignable to type 'Element'.
frontend/src/app/auth/change-password/__tests__/change-password-comprehensive.test.tsx(457,24): error TS2345: Argument of type 'HTMLElement | undefined' is not assignable to parameter of type 'Element'.
  Type 'undefined' is not assignable to type 'Element'.
frontend/src/app/auth/change-password/__tests__/change-password-comprehensive.test.tsx(472,24): error TS2345: Argument of type 'HTMLElement | undefined' is not assignable to parameter of type 'Element'.
  Type 'undefined' is not assignable to type 'Element'.
frontend/src/app/auth/change-password/__tests__/change-password-comprehensive.test.tsx(481,43): error TS2339: Property 'getByLabelLabel' does not exist on type 'Screen<typeof import("/home/kinginyellow/projects/medianest/frontend/node_modules/@testing-library/dom/types/queries")>'.
frontend/src/app/auth/change-password/__tests__/change-password-comprehensive.test.tsx(487,24): error TS2345: Argument of type 'HTMLElement | undefined' is not assignable to parameter of type 'Element'.
  Type 'undefined' is not assignable to type 'Element'.
frontend/src/app/auth/change-password/__tests__/change-password-comprehensive.test.tsx(551,25): error TS2503: Cannot find namespace 'vi'.
frontend/src/app/auth/signin/__tests__/page.test.tsx(2,1): error TS6192: All imports in import declaration are unused.
frontend/src/app/auth/signin/__tests__/page.test.tsx(4,1): error TS6133: 'renderWithProviders' is declared but its value is never read.
frontend/src/app/auth/signin/__tests__/page.test.tsx(11,36): error TS2503: Cannot find namespace 'vi'.
frontend/src/app/auth/signin/__tests__/page.test.tsx(12,48): error TS2503: Cannot find namespace 'vi'.
frontend/src/app/auth/signin/__tests__/signin-comprehensive.test.tsx(2,26): error TS6133: 'fireEvent' is declared but its value is never read.
frontend/src/app/auth/signin/__tests__/signin-comprehensive.test.tsx(6,1): error TS6133: 'renderWithProviders' is declared but its value is never read.
frontend/src/app/auth/signin/__tests__/signin-comprehensive.test.tsx(14,36): error TS2503: Cannot find namespace 'vi'.
frontend/src/app/auth/signin/__tests__/signin-comprehensive.test.tsx(15,48): error TS2503: Cannot find namespace 'vi'.
frontend/src/app/auth/signin/__tests__/signin-comprehensive.test.tsx(16,30): error TS2503: Cannot find namespace 'vi'.
frontend/src/app/auth/signin/__tests__/signin-comprehensive.test.tsx(128,25): error TS2503: Cannot find namespace 'vi'.
frontend/src/app/auth/signin/__tests__/signin-comprehensive.test.tsx(151,25): error TS2503: Cannot find namespace 'vi'.
frontend/src/app/auth/signin/__tests__/signin-comprehensive.test.tsx(175,25): error TS2503: Cannot find namespace 'vi'.
frontend/src/app/auth/signin/__tests__/signin-comprehensive.test.tsx(196,25): error TS2503: Cannot find namespace 'vi'.
frontend/src/app/auth/signin/__tests__/signin-comprehensive.test.tsx(225,25): error TS2503: Cannot find namespace 'vi'.
frontend/src/app/auth/signin/__tests__/signin-comprehensive.test.tsx(253,25): error TS2503: Cannot find namespace 'vi'.
frontend/src/app/auth/signin/__tests__/signin-comprehensive.test.tsx(298,25): error TS2503: Cannot find namespace 'vi'.
frontend/src/app/auth/signin/__tests__/signin-comprehensive.test.tsx(343,25): error TS2503: Cannot find namespace 'vi'.
frontend/src/app/auth/signin/__tests__/signin-comprehensive.test.tsx(523,25): error TS2503: Cannot find namespace 'vi'.
frontend/src/app/auth/signin/__tests__/signin-comprehensive.test.tsx(546,25): error TS2503: Cannot find namespace 'vi'.
frontend/src/app/auth/signin/__tests__/signin-comprehensive.test.tsx(564,25): error TS2503: Cannot find namespace 'vi'.
frontend/src/app/auth/signin/__tests__/signin-comprehensive.test.tsx(590,25): error TS2503: Cannot find namespace 'vi'.
frontend/src/components/PerformanceMonitor.tsx(17,13): error TS7030: Not all code paths return a value.
frontend/src/components/PerformanceMonitor.tsx(69,13): error TS7030: Not all code paths return a value.
frontend/src/components/__tests__/providers-comprehensive.test.tsx(2,26): error TS6133: 'waitFor' is declared but its value is never read.
frontend/src/components/__tests__/providers-comprehensive.test.tsx(3,23): error TS6133: 'QueryClientProvider' is declared but its value is never read.
frontend/src/components/__tests__/providers-comprehensive.test.tsx(4,1): error TS6133: 'SessionProvider' is declared but its value is never read.
frontend/src/components/__tests__/providers-comprehensive.test.tsx(15,37): error TS6133: 'client' is declared but its value is never read.
frontend/src/components/__tests__/providers-comprehensive.test.tsx(107,49): error TS2503: Cannot find namespace 'vi'.
frontend/src/components/__tests__/providers-comprehensive.test.tsx(120,49): error TS2503: Cannot find namespace 'vi'.
frontend/src/components/__tests__/providers-comprehensive.test.tsx(126,55): error TS2304: Cannot find name 'useState'.
frontend/src/components/__tests__/providers-comprehensive.test.tsx(130,55): error TS7006: Parameter 'prev' implicitly has an 'any' type.
frontend/src/components/__tests__/providers-comprehensive.test.tsx(144,48): error TS2503: Cannot find namespace 'vi'.
frontend/src/components/__tests__/providers-comprehensive.test.tsx(153,30): error TS2503: Cannot find namespace 'vi'.
frontend/src/components/__tests__/providers-comprehensive.test.tsx(365,46): error TS2503: Cannot find namespace 'vi'.
frontend/src/components/__tests__/providers-comprehensive.test.tsx(376,30): error TS2503: Cannot find namespace 'vi'.
frontend/src/components/__tests__/providers-comprehensive.test.tsx(389,51): error TS2503: Cannot find namespace 'vi'.
frontend/src/components/__tests__/providers-comprehensive.test.tsx(395,30): error TS2503: Cannot find namespace 'vi'.
frontend/src/components/__tests__/providers-comprehensive.test.tsx(431,15): error TS6133: 'userData' is declared but its value is never read.
frontend/src/components/__tests__/providers-comprehensive.test.tsx(433,40): error TS2554: Expected 0 arguments, but got 1.
frontend/src/components/dashboard/DashboardLayout.tsx(26,30): error TS6133: 'serviceId' is declared but its value is never read.
frontend/src/components/dashboard/__tests__/ServiceCard.test.tsx(11,25): error TS6133: 'date' is declared but its value is never read.
frontend/src/components/dashboard/__tests__/ServiceCard.test.tsx(11,37): error TS6133: 'options' is declared but its value is never read.
frontend/src/components/media/SeasonSelector.tsx(22,26): error TS18048: 'tvShow.numberOfSeasons' is possibly 'undefined'.
frontend/src/components/media/__tests__/RequestModal.test.tsx(20,27): error TS6133: 'onClose' is declared but its value is never read.
frontend/src/components/media/__tests__/RequestModal.test.tsx(91,38): error TS2345: Argument of type '{ canRequest: true; remainingRequests: number; resetTime: Date; trackRequest: Mock<Procedure>; }' is not assignable to parameter of type '{ canRequest: boolean; addRequest: () => void; remainingRequests: number; resetTime: Date | null; trackRequest: () => void; }'.
  Property 'addRequest' is missing in type '{ canRequest: true; remainingRequests: number; resetTime: Date; trackRequest: Mock<Procedure>; }' but required in type '{ canRequest: boolean; addRequest: () => void; remainingRequests: number; resetTime: Date | null; trackRequest: () => void; }'.
frontend/src/components/media/__tests__/RequestModal.test.tsx(165,38): error TS2345: Argument of type '{ canRequest: false; remainingRequests: number; resetTime: Date; trackRequest: Mock<Procedure>; }' is not assignable to parameter of type '{ canRequest: boolean; addRequest: () => void; remainingRequests: number; resetTime: Date | null; trackRequest: () => void; }'.
  Property 'addRequest' is missing in type '{ canRequest: false; remainingRequests: number; resetTime: Date; trackRequest: Mock<Procedure>; }' but required in type '{ canRequest: boolean; addRequest: () => void; remainingRequests: number; resetTime: Date | null; trackRequest: () => void; }'.
frontend/src/components/media/__tests__/SearchInput.test.tsx(2,1): error TS6133: 'userEvent' is declared but its value is never read.
frontend/src/components/media/__tests__/SeasonSelector.test.tsx(25,5): error TS2322: Type '"partially-available"' is not assignable to type '"processing" | "available" | "partial" | "requested" | "unavailable"'.
frontend/src/components/media/__tests__/SeasonSelector.test.tsx(27,7): error TS2741: Property 'episodes' is missing in type '{ seasonNumber: number; status: "available"; }' but required in type 'SeasonAvailability'.
frontend/src/components/media/__tests__/SeasonSelector.test.tsx(28,7): error TS2741: Property 'episodes' is missing in type '{ seasonNumber: number; status: "available"; }' but required in type 'SeasonAvailability'.
frontend/src/components/media/__tests__/SeasonSelector.test.tsx(29,7): error TS2741: Property 'episodes' is missing in type '{ seasonNumber: number; status: "unavailable"; }' but required in type 'SeasonAvailability'.
frontend/src/components/media/__tests__/SeasonSelector.test.tsx(30,7): error TS2741: Property 'episodes' is missing in type '{ seasonNumber: number; status: "available"; }' but required in type 'SeasonAvailability'.
frontend/src/components/media/__tests__/SeasonSelector.test.tsx(31,7): error TS2741: Property 'episodes' is missing in type '{ seasonNumber: number; status: "unavailable"; }' but required in type 'SeasonAvailability'.
frontend/src/components/plex/MediaGrid.tsx(67,28): error TS6133: 'item' is declared but its value is never read.
frontend/src/components/plex/__tests__/PlexBrowser.test.tsx(111,13): error TS2339: Property 'getPlexServer' does not exist on type 'typeof import("/home/kinginyellow/projects/medianest/frontend/src/lib/api/plex")'.
frontend/src/components/plex/__tests__/PlexBrowser.test.tsx(153,13): error TS2339: Property 'getPlexServer' does not exist on type 'typeof import("/home/kinginyellow/projects/medianest/frontend/src/lib/api/plex")'.
frontend/src/components/plex/__tests__/PlexBrowser.test.tsx(173,13): error TS2339: Property 'getLibraryItems' does not exist on type 'typeof import("/home/kinginyellow/projects/medianest/frontend/src/lib/api/plex")'.
frontend/src/components/plex/__tests__/PlexSearch.test.tsx(99,13): error TS2339: Property 'searchPlexLibrary' does not exist on type 'typeof import("/home/kinginyellow/projects/medianest/frontend/src/lib/api/plex")'.
frontend/src/components/plex/__tests__/PlexSearch.test.tsx(131,13): error TS2339: Property 'searchPlexLibrary' does not exist on type 'typeof import("/home/kinginyellow/projects/medianest/frontend/src/lib/api/plex")'.
frontend/src/components/plex/__tests__/PlexSearch.test.tsx(168,13): error TS2339: Property 'advancedSearch' does not exist on type 'typeof import("/home/kinginyellow/projects/medianest/frontend/src/lib/api/plex")'.
frontend/src/components/plex/__tests__/PlexSearch.test.tsx(211,13): error TS2339: Property 'searchPlexLibrary' does not exist on type 'typeof import("/home/kinginyellow/projects/medianest/frontend/src/lib/api/plex")'.
frontend/src/components/plex/__tests__/PlexSearch.test.tsx(229,13): error TS2339: Property 'searchPlexLibrary' does not exist on type 'typeof import("/home/kinginyellow/projects/medianest/frontend/src/lib/api/plex")'.
frontend/src/components/plex/__tests__/PlexSearch.test.tsx(251,13): error TS2339: Property 'searchPlexLibrary' does not exist on type 'typeof import("/home/kinginyellow/projects/medianest/frontend/src/lib/api/plex")'.
frontend/src/components/plex/__tests__/PlexSearch.test.tsx(282,22): error TS2739: Type '({ key: string; type: string; title: string; year: number; summary: string; thumb: string; rating: number; duration: number; addedAt: number; genre: string[]; director: string[]; score: number; leafCount?: undefined; childCount?: undefined; } | { ...; })[]' is missing the following properties from type 'PlexSearchResults': query, totalResults, results
frontend/src/components/plex/__tests__/PlexSearch.test.tsx(305,13): error TS2339: Property 'searchPlexLibrary' does not exist on type 'typeof import("/home/kinginyellow/projects/medianest/frontend/src/lib/api/plex")'.
frontend/src/components/plex/__tests__/PlexSearch.test.tsx(331,13): error TS2339: Property 'searchPlexLibrary' does not exist on type 'typeof import("/home/kinginyellow/projects/medianest/frontend/src/lib/api/plex")'.
frontend/src/components/plex/__tests__/PlexSearch.test.tsx(360,22): error TS2739: Type '({ key: string; type: string; title: string; year: number; summary: string; thumb: string; rating: number; duration: number; addedAt: number; genre: string[]; director: string[]; score: number; leafCount?: undefined; childCount?: undefined; } | { ...; })[]' is missing the following properties from type 'PlexSearchResults': query, totalResults, results
frontend/src/components/requests/__tests__/RequestStatusBadge.test.tsx(17,7): error TS2322: Type '"pending"' is not assignable to type 'RequestStatus'.
frontend/src/components/requests/__tests__/RequestStatusBadge.test.tsx(22,7): error TS2322: Type '"approved"' is not assignable to type 'RequestStatus'.
frontend/src/components/requests/__tests__/RequestStatusBadge.test.tsx(27,7): error TS2322: Type '"processing"' is not assignable to type 'RequestStatus'.
frontend/src/components/requests/__tests__/RequestStatusBadge.test.tsx(33,7): error TS2322: Type '"partially-available"' is not assignable to type 'RequestStatus'.
frontend/src/components/requests/__tests__/RequestStatusBadge.test.tsx(38,7): error TS2322: Type '"available"' is not assignable to type 'RequestStatus'.
frontend/src/components/requests/__tests__/RequestStatusBadge.test.tsx(43,7): error TS2322: Type '"denied"' is not assignable to type 'RequestStatus'.
frontend/src/components/requests/__tests__/RequestStatusBadge.test.tsx(48,7): error TS2322: Type '"failed"' is not assignable to type 'RequestStatus'.
frontend/src/components/requests/__tests__/RequestStatusBadge.test.tsx(91,29): error TS2322: Type '"pending"' is not assignable to type 'RequestStatus'.
frontend/src/components/requests/__tests__/RequestStatusBadge.test.tsx(92,29): error TS2322: Type '"approved"' is not assignable to type 'RequestStatus'.
frontend/src/components/requests/__tests__/RequestStatusBadge.test.tsx(93,29): error TS2322: Type '"processing"' is not assignable to type 'RequestStatus'.
frontend/src/components/requests/__tests__/RequestStatusBadge.test.tsx(94,29): error TS2322: Type '"partially-available"' is not assignable to type 'RequestStatus'.
frontend/src/components/requests/__tests__/RequestStatusBadge.test.tsx(95,29): error TS2322: Type '"available"' is not assignable to type 'RequestStatus'.
frontend/src/components/requests/__tests__/RequestStatusBadge.test.tsx(96,29): error TS2322: Type '"denied"' is not assignable to type 'RequestStatus'.
frontend/src/components/requests/__tests__/RequestStatusBadge.test.tsx(97,29): error TS2322: Type '"failed"' is not assignable to type 'RequestStatus'.
frontend/src/components/requests/__tests__/RequestStatusBadge.test.tsx(113,32): error TS2322: Type '"processing"' is not assignable to type 'RequestStatus'.
frontend/src/components/requests/__tests__/RequestStatusBadge.test.tsx(134,27): error TS2322: Type '"available"' is not assignable to type 'RequestStatus'.
frontend/src/components/requests/__tests__/RequestStatusBadge.test.tsx(143,29): error TS2322: Type '"pending"' is not assignable to type 'RequestStatus'.
frontend/src/components/requests/__tests__/RequestStatusBadge.test.tsx(144,29): error TS2322: Type '"partially-available"' is not assignable to type 'RequestStatus'.
frontend/src/components/ui/__tests__/ui-components-comprehensive.test.tsx(1,36): error TS6133: 'beforeEach' is declared but its value is never read.
frontend/src/components/ui/__tests__/ui-components-comprehensive.test.tsx(2,26): error TS6133: 'fireEvent' is declared but its value is never read.
frontend/src/components/ui/__tests__/ui-components-comprehensive.test.tsx(94,22): error TS2322: Type '{ children: string; loading: true; }' is not assignable to type 'IntrinsicAttributes & ButtonProps & RefAttributes<HTMLButtonElement>'.
  Property 'loading' does not exist on type 'IntrinsicAttributes & ButtonProps & RefAttributes<HTMLButtonElement>'.
frontend/src/components/ui/__tests__/ui-components-comprehensive.test.tsx(146,35): error TS2686: 'React' refers to a UMD global, but the current file is a module. Consider adding an import instead.
frontend/src/components/ui/__tests__/ui-components-comprehensive.test.tsx(402,35): error TS2686: 'React' refers to a UMD global, but the current file is a module. Consider adding an import instead.
frontend/src/components/ui/__tests__/ui-components-comprehensive.test.tsx(403,35): error TS2686: 'React' refers to a UMD global, but the current file is a module. Consider adding an import instead.
frontend/src/components/ui/button.tsx(42,74): error TS2322: Type 'ForwardedRef<HTMLButtonElement>' is not assignable to type '((((instance: HTMLButtonElement | null) => void | (() => VoidOrUndefinedOnly)) | RefObject<HTMLButtonElement | null>) & (((instance: FragmentInstance | null) => void | (() => VoidOrUndefinedOnly)) | RefObject<...>)) | null | undefined'.
  Type 'RefObject<HTMLButtonElement | null>' is not assignable to type '((((instance: HTMLButtonElement | null) => void | (() => VoidOrUndefinedOnly)) | RefObject<HTMLButtonElement | null>) & (((instance: FragmentInstance | null) => void | (() => VoidOrUndefinedOnly)) | RefObject<...>)) | null | undefined'.
    Type 'RefObject<HTMLButtonElement | null>' is not assignable to type 'RefObject<HTMLButtonElement | null> & RefObject<FragmentInstance | null>'.
      Type 'RefObject<HTMLButtonElement | null>' is not assignable to type 'RefObject<FragmentInstance | null>'.
        Type 'HTMLButtonElement | null' is not assignable to type 'FragmentInstance | null'.
          Type 'HTMLButtonElement' is missing the following properties from type 'FragmentInstance': focusLast, observeUsing, unobserveUsing, experimental_scrollIntoView
frontend/src/components/youtube/DownloadCard.tsx(11,3): error TS6133: 'id' is declared but its value is never read.
frontend/src/components/youtube/DownloadQueue.tsx(45,7): error TS2349: This expression is not callable.
  Type '{ success: (message: string, duration?: number | undefined) => string; error: (message: string, duration?: number | undefined) => string; warning: (message: string, duration?: number | undefined) => string; info: (message: string, duration?: number | undefined) => string; }' has no call signatures.
frontend/src/components/youtube/DownloadQueue.tsx(51,7): error TS2349: This expression is not callable.
  Type '{ success: (message: string, duration?: number | undefined) => string; error: (message: string, duration?: number | undefined) => string; warning: (message: string, duration?: number | undefined) => string; info: (message: string, duration?: number | undefined) => string; }' has no call signatures.
frontend/src/components/youtube/DownloadQueue.tsx(62,7): error TS2349: This expression is not callable.
  Type '{ success: (message: string, duration?: number | undefined) => string; error: (message: string, duration?: number | undefined) => string; warning: (message: string, duration?: number | undefined) => string; info: (message: string, duration?: number | undefined) => string; }' has no call signatures.
frontend/src/components/youtube/DownloadQueue.tsx(68,7): error TS2349: This expression is not callable.
  Type '{ success: (message: string, duration?: number | undefined) => string; error: (message: string, duration?: number | undefined) => string; warning: (message: string, duration?: number | undefined) => string; info: (message: string, duration?: number | undefined) => string; }' has no call signatures.
frontend/src/components/youtube/DownloadQueue.tsx(81,7): error TS2349: This expression is not callable.
  Type '{ success: (message: string, duration?: number | undefined) => string; error: (message: string, duration?: number | undefined) => string; warning: (message: string, duration?: number | undefined) => string; info: (message: string, duration?: number | undefined) => string; }' has no call signatures.
frontend/src/components/youtube/DownloadQueue.tsx(194,23): error TS2322: Type '{ filters: QueueFilters; onChange: Dispatch<SetStateAction<QueueFilters>>; }' is not assignable to type 'IntrinsicAttributes & QueueFiltersProps'.
  Property 'filters' does not exist on type 'IntrinsicAttributes & QueueFiltersProps'.
frontend/src/components/youtube/DownloadQueue.tsx(199,21): error TS2322: Type '{ filters: QueueFilters; }' is not assignable to type 'IntrinsicAttributes'.
  Property 'filters' does not exist on type 'IntrinsicAttributes'.
frontend/src/components/youtube/DownloadQueue.tsx(205,15): error TS2322: Type '{ key: string; download: DownloadQueueItem; onCancel: (downloadId: string) => Promise<void>; onRetry: (downloadId: string) => Promise<void>; onViewInPlex: (downloadId: string) => void; }' is not assignable to type 'IntrinsicAttributes & DownloadCardProps'.
  Property 'download' does not exist on type 'IntrinsicAttributes & DownloadCardProps'.
frontend/src/components/youtube/QuotaDisplay.tsx(7,26): error TS1261: Already included file name '/home/kinginyellow/projects/medianest/frontend/src/components/ui/progress.tsx' differs from file name '/home/kinginyellow/projects/medianest/frontend/src/components/ui/Progress.tsx' only in casing.
  The file is in the program because:
    Imported via '@/components/ui/progress' from file '/home/kinginyellow/projects/medianest/frontend/src/components/youtube/QuotaDisplay.tsx'
    Matched by include pattern '**/*.tsx' in 'frontend/tsconfig.json'
    Matched by include pattern '**/*.tsx' in 'frontend/tsconfig.json'
frontend/src/components/youtube/__tests__/CollectionProgress.test.tsx(4,36): error TS2307: Cannot find module '../CollectionProgress' or its corresponding type declarations.
frontend/src/components/youtube/__tests__/CollectionProgress.test.tsx(5,34): error TS2307: Cannot find module '../CollectionStatus' or its corresponding type declarations.
frontend/src/components/youtube/__tests__/CollectionProgress.test.tsx(45,3): error TS2322: Type 'null' is not assignable to type 'string | undefined'.
frontend/src/components/youtube/__tests__/CollectionProgress.test.tsx(55,7): error TS2322: Type 'null' is not assignable to type 'string | undefined'.
frontend/src/components/youtube/__tests__/CollectionProgress.test.tsx(62,7): error TS2322: Type 'null' is not assignable to type 'string | undefined'.
frontend/src/components/youtube/__tests__/CollectionProgress.test.tsx(72,3): error TS2322: Type 'string' is not assignable to type 'Date'.
frontend/src/components/youtube/__tests__/CollectionProgress.test.tsx(73,3): error TS2322: Type 'null' is not assignable to type 'Date | undefined'.
frontend/src/components/youtube/__tests__/CollectionProgress.test.tsx(74,3): error TS2322: Type 'null' is not assignable to type 'string | undefined'.
frontend/src/components/youtube/__tests__/CollectionProgress.test.tsx(141,11): error TS6133: 'rerender' is declared but its value is never read.
frontend/src/components/youtube/__tests__/CollectionProgress.test.tsx(184,56): error TS2345: Argument of type '{ status: "completed"; processedCount: number; collectionKey: string; completedAt: string; id: string; downloadId: string; userId: string; collectionTitle: string; librarySection: string; ... 4 more ...; error?: string; }' is not assignable to parameter of type 'PlexCollectionCreation'.
  Types of property 'completedAt' are incompatible.
    Type 'string' is not assignable to type 'Date'.
frontend/src/components/youtube/__tests__/DownloadQueue.test.tsx(2,35): error TS6133: 'within' is declared but its value is never read.
frontend/src/components/youtube/__tests__/DownloadQueue.test.tsx(7,15): error TS2305: Module '"@/types/youtube-queue"' has no exported member 'YouTubeDownload'.
frontend/src/components/youtube/__tests__/DownloadQueue.test.tsx(165,7): error TS2353: Object literal may only specify known properties, and 'items' does not exist in type 'YouTubeDownloadRequest[]'.
frontend/src/components/youtube/__tests__/DownloadQueue.test.tsx(191,7): error TS2353: Object literal may only specify known properties, and 'items' does not exist in type 'YouTubeDownloadRequest[]'.
frontend/src/components/youtube/__tests__/DownloadQueue.test.tsx(234,7): error TS2353: Object literal may only specify known properties, and 'items' does not exist in type 'YouTubeDownloadRequest[]'.
frontend/src/components/youtube/__tests__/DownloadQueue.test.tsx(277,7): error TS2353: Object literal may only specify known properties, and 'items' does not exist in type 'YouTubeDownloadRequest[]'.
frontend/src/components/youtube/__tests__/DownloadQueue.test.tsx(319,7): error TS2353: Object literal may only specify known properties, and 'items' does not exist in type 'YouTubeDownloadRequest[]'.
frontend/src/components/youtube/__tests__/DownloadQueue.test.tsx(325,53): error TS2345: Argument of type '{ success: boolean; }' is not assignable to parameter of type 'void'.
frontend/src/components/youtube/__tests__/DownloadQueue.test.tsx(363,7): error TS2353: Object literal may only specify known properties, and 'items' does not exist in type 'YouTubeDownloadRequest[]'.
frontend/src/components/youtube/__tests__/DownloadQueue.test.tsx(397,7): error TS2353: Object literal may only specify known properties, and 'items' does not exist in type 'YouTubeDownloadRequest[]'.
frontend/src/components/youtube/__tests__/DownloadQueue.test.tsx(414,7): error TS2353: Object literal may only specify known properties, and 'items' does not exist in type 'YouTubeDownloadRequest[]'.
frontend/src/components/youtube/__tests__/DownloadQueue.test.tsx(450,21): error TS2322: Type '{ download: any; onAction: Mock<Procedure>; }' is not assignable to type 'IntrinsicAttributes & DownloadCardProps'.
  Property 'download' does not exist on type 'IntrinsicAttributes & DownloadCardProps'.
frontend/src/components/youtube/__tests__/DownloadQueue.test.tsx(473,7): error TS2353: Object literal may only specify known properties, and 'items' does not exist in type 'YouTubeDownloadRequest[]'.
frontend/src/components/youtube/__tests__/URLSubmissionForm.test.tsx(72,11): error TS6133: 'submitButton' is declared but its value is never read.
frontend/src/config/index.ts(5,3): error TS6133: 'configUtils' is declared but its value is never read.
frontend/src/config/index.ts(91,28): error TS2339: Property 'PLEX_CLIENT_IDENTIFIER' does not exist on type '{ NODE_ENV: "test" | "development" | "production"; LOG_LEVEL: "warn" | "error" | "info" | "debug"; PLEX_CLIENT_ID: string; NEXTAUTH_URL: string; NEXTAUTH_SECRET: string; PLEX_CLIENT_SECRET: string; ... 7 more ...; NEXT_PUBLIC_ERROR_REPORTING_ENDPOINT?: string | undefined; }'.
frontend/src/config/secrets.ts(8,10): error TS6133: 'getEnvVar' is declared but its value is never read.
frontend/src/contexts/WebSocketContext.tsx(91,10): error TS6133: 'connectedNamespaces' is declared but its value is never read.
frontend/src/contexts/WebSocketContext.tsx(257,41): error TS18046: 'error' is of type 'unknown'.
frontend/src/hooks/__tests__/useMediaRequest.test.ts(46,45): error TS2345: Argument of type '{ canRequest: true; remainingRequests: number; resetTime: Date; trackRequest: Mock<Procedure>; }' is not assignable to parameter of type '{ canRequest: boolean; addRequest: () => void; remainingRequests: number; resetTime: Date | null; trackRequest: () => void; }'.
  Property 'addRequest' is missing in type '{ canRequest: true; remainingRequests: number; resetTime: Date; trackRequest: Mock<Procedure>; }' but required in type '{ canRequest: boolean; addRequest: () => void; remainingRequests: number; resetTime: Date | null; trackRequest: () => void; }'.
frontend/src/hooks/__tests__/useMediaRequest.test.ts(73,53): error TS2345: Argument of type '{ id: string; tmdbId: number; mediaType: string; title: string; status: string; requestedAt: string; }' is not assignable to parameter of type 'MediaRequest'.
  Type '{ id: string; tmdbId: number; mediaType: string; title: string; status: string; requestedAt: string; }' is missing the following properties from type 'MediaRequest': userId, mediaId
frontend/src/hooks/__tests__/useMediaRequest.test.ts(84,34): error TS2345: Argument of type '{ mediaType: "movie"; tmdbId: number; }' is not assignable to parameter of type 'RequestSubmission'.
  Property 'mediaId' is missing in type '{ mediaType: "movie"; tmdbId: number; }' but required in type 'RequestSubmission'.
frontend/src/hooks/__tests__/useMediaRequest.test.ts(114,53): error TS2345: Argument of type '{ id: string; tmdbId: number; mediaType: string; title: string; status: string; requestedAt: string; seasons: { seasonNumber: number; status: string; }[]; }' is not assignable to parameter of type 'MediaRequest'.
  Type '{ id: string; tmdbId: number; mediaType: string; title: string; status: string; requestedAt: string; seasons: { seasonNumber: number; status: string; }[]; }' is missing the following properties from type 'MediaRequest': userId, mediaId
frontend/src/hooks/__tests__/useMediaRequest.test.ts(126,34): error TS2345: Argument of type '{ mediaType: "tv"; tmdbId: number; seasons: number[]; }' is not assignable to parameter of type 'RequestSubmission'.
  Property 'mediaId' is missing in type '{ mediaType: "tv"; tmdbId: number; seasons: number[]; }' but required in type 'RequestSubmission'.
frontend/src/hooks/__tests__/useMediaRequest.test.ts(137,45): error TS2345: Argument of type '{ canRequest: false; remainingRequests: number; resetTime: Date; trackRequest: Mock<Procedure>; }' is not assignable to parameter of type '{ canRequest: boolean; addRequest: () => void; remainingRequests: number; resetTime: Date | null; trackRequest: () => void; }'.
  Property 'addRequest' is missing in type '{ canRequest: false; remainingRequests: number; resetTime: Date; trackRequest: Mock<Procedure>; }' but required in type '{ canRequest: boolean; addRequest: () => void; remainingRequests: number; resetTime: Date | null; trackRequest: () => void; }'.
frontend/src/hooks/__tests__/useMediaRequest.test.ts(153,34): error TS2345: Argument of type '{ mediaType: "movie"; tmdbId: number; }' is not assignable to parameter of type 'RequestSubmission'.
  Property 'mediaId' is missing in type '{ mediaType: "movie"; tmdbId: number; }' but required in type 'RequestSubmission'.
frontend/src/hooks/__tests__/useMediaRequest.test.ts(180,34): error TS2345: Argument of type '{ mediaType: "movie"; tmdbId: number; }' is not assignable to parameter of type 'RequestSubmission'.
  Property 'mediaId' is missing in type '{ mediaType: "movie"; tmdbId: number; }' but required in type 'RequestSubmission'.
frontend/src/hooks/__tests__/useMediaRequest.test.ts(206,53): error TS2345: Argument of type '{ id: string; tmdbId: number; mediaType: string; title: string; status: string; requestedAt: string; }' is not assignable to parameter of type 'MediaRequest'.
  Type '{ id: string; tmdbId: number; mediaType: string; title: string; status: string; requestedAt: string; }' is missing the following properties from type 'MediaRequest': userId, mediaId
frontend/src/hooks/__tests__/useMediaRequest.test.ts(217,34): error TS2345: Argument of type '{ mediaType: "movie"; tmdbId: number; }' is not assignable to parameter of type 'RequestSubmission'.
  Property 'mediaId' is missing in type '{ mediaType: "movie"; tmdbId: number; }' but required in type 'RequestSubmission'.
frontend/src/hooks/__tests__/useMediaRequest.test.ts(246,53): error TS2345: Argument of type '{ id: string; tmdbId: number; mediaType: string; title: string; status: string; requestedAt: string; }' is not assignable to parameter of type 'MediaRequest'.
  Type '{ id: string; tmdbId: number; mediaType: string; title: string; status: string; requestedAt: string; }' is missing the following properties from type 'MediaRequest': userId, mediaId
frontend/src/hooks/__tests__/useMediaRequest.test.ts(260,34): error TS2345: Argument of type '{ mediaType: "movie"; tmdbId: number; }' is not assignable to parameter of type 'RequestSubmission'.
  Property 'mediaId' is missing in type '{ mediaType: "movie"; tmdbId: number; }' but required in type 'RequestSubmission'.
frontend/src/hooks/__tests__/useMediaRequest.test.ts(275,17): error TS2322: Type 'number' is not assignable to type 'string'.
frontend/src/hooks/__tests__/useMediaRequest.test.ts(278,17): error TS2322: Type '"pending"' is not assignable to type 'RequestStatus'.
frontend/src/hooks/__tests__/useMediaRequest.test.ts(279,17): error TS2322: Type 'string' is not assignable to type 'Date'.
frontend/src/hooks/__tests__/useMediaRequest.test.ts(297,34): error TS2345: Argument of type '{ mediaType: "movie"; tmdbId: number; }' is not assignable to parameter of type 'RequestSubmission'.
  Property 'mediaId' is missing in type '{ mediaType: "movie"; tmdbId: number; }' but required in type 'RequestSubmission'.
frontend/src/hooks/__tests__/useMediaRequest.test.ts(318,34): error TS2345: Argument of type '{ mediaType: "movie"; tmdbId: number; }' is not assignable to parameter of type 'RequestSubmission'.
  Property 'mediaId' is missing in type '{ mediaType: "movie"; tmdbId: number; }' but required in type 'RequestSubmission'.
frontend/src/hooks/__tests__/useMediaSearch.test.ts(42,27): error TS2339: Property 'isDebouncing' does not exist on type '{ query: string; setQuery: Dispatch<SetStateAction<string>>; filters: SearchFilters; setFilters: Dispatch<SetStateAction<SearchFilters>>; ... 4 more ...; refetch: (options?: RefetchOptions | undefined) => Promise<...>; }'.
frontend/src/hooks/__tests__/useMediaSearch.test.ts(74,55): error TS2345: Argument of type '{ results: { id: number; tmdbId: number; title: string; mediaType: string; overview: string; voteAverage: number; availability: { status: string; }; }[]; totalResults: number; page: number; totalPages: number; }' is not assignable to parameter of type 'MediaSearchResponse'.
  Types of property 'results' are incompatible.
    Type '{ id: number; tmdbId: number; title: string; mediaType: string; overview: string; voteAverage: number; availability: { status: string; }; }[]' is not assignable to type 'MediaSearchResult[]'.
      Type '{ id: number; tmdbId: number; title: string; mediaType: string; overview: string; voteAverage: number; availability: { status: string; }; }' is missing the following properties from type 'MediaSearchResult': voteCount, popularity, genres
frontend/src/hooks/__tests__/useRateLimit.test.ts(9,9): error TS6133: 'WINDOW_MS' is declared but its value is never read.
frontend/src/hooks/__tests__/useRealtimeStatus.test.ts(88,12): error TS2532: Object is possibly 'undefined'.
frontend/src/hooks/__tests__/useRealtimeStatus.test.ts(89,12): error TS2532: Object is possibly 'undefined'.
frontend/src/hooks/__tests__/useRealtimeStatus.test.ts(90,12): error TS2532: Object is possibly 'undefined'.
frontend/src/hooks/__tests__/useRealtimeStatus.test.ts(198,12): error TS2532: Object is possibly 'undefined'.
frontend/src/hooks/__tests__/useRequestStatus.test.ts(78,28): error TS2532: Object is possibly 'undefined'.
frontend/src/hooks/__tests__/useRequestStatus.test.ts(99,28): error TS2532: Object is possibly 'undefined'.
frontend/src/hooks/__tests__/useRequestStatus.test.ts(149,28): error TS2532: Object is possibly 'undefined'.
frontend/src/hooks/__tests__/useRequestStatus.test.ts(170,28): error TS2532: Object is possibly 'undefined'.
frontend/src/hooks/__tests__/useRequestStatus.test.ts(211,28): error TS2532: Object is possibly 'undefined'.
frontend/src/hooks/__tests__/useRequestStatus.test.ts(258,28): error TS2532: Object is possibly 'undefined'.
frontend/src/hooks/__tests__/useWebSocket.test.ts(135,59): error TS7006: Parameter 'call' implicitly has an 'any' type.
frontend/src/hooks/useCSRF.ts(2,27): error TS6133: 'CSRFToken' is declared but its value is never read.
frontend/src/hooks/useCSRF.ts(3,10): error TS2305: Module '"@/lib/utils"' has no exported member 'logger'.
frontend/src/hooks/useCSRF.ts(29,35): error TS2345: Argument of type 'string | undefined' is not assignable to parameter of type 'string'.
  Type 'undefined' is not assignable to type 'string'.
frontend/src/hooks/useDownloadQueue.ts(8,8): error TS6133: 'FetchDownloadQueueOptions' is declared but its value is never read.
frontend/src/hooks/useDownloadQueue.ts(28,11): error TS2339: Property 'socket' does not exist on type '{ connectionState: ConnectionState; isConnected: boolean; isConnecting: boolean; connectionQuality: "excellent" | "good" | "poor" | "unknown"; latency: number | undefined; ... 4 more ...; checkConnectionQuality: () => Promise<...>; }'.
frontend/src/hooks/useEnhancedDownloads.ts(4,30): error TS2307: Cannot find module '@/contexts/WebSocketContext' or its corresponding type declarations.
frontend/src/hooks/useEnhancedDownloads.ts(55,83): error TS7006: Parameter 'progress' implicitly has an 'any' type.
frontend/src/hooks/usePlexCollection.ts(18,3): error TS6196: 'CollectionProgress' is declared but never used.
frontend/src/hooks/usePlexCollection.ts(21,3): error TS6196: 'CreateCollectionRequest' is declared but never used.
frontend/src/hooks/usePlexCollection.ts(22,3): error TS6196: 'UpdateCollectionRequest' is declared but never used.
frontend/src/hooks/usePlexCollection.ts(33,11): error TS2339: Property 'socket' does not exist on type '{ connectionState: ConnectionState; isConnected: boolean; isConnecting: boolean; connectionQuality: "excellent" | "good" | "poor" | "unknown"; latency: number | undefined; ... 4 more ...; checkConnectionQuality: () => Promise<...>; }'.
frontend/src/hooks/usePlexCollection.ts(43,17): error TS2339: Property 'status' does not exist on type 'Query<PlexCollectionCreation, Error, PlexCollectionCreation, string[]>'.
frontend/src/hooks/usePlexCollection.ts(43,49): error TS2339: Property 'status' does not exist on type 'Query<PlexCollectionCreation, Error, PlexCollectionCreation, string[]>'.
frontend/src/hooks/usePlexCollection.ts(271,20): error TS6133: 'collectionId' is declared but its value is never read.
frontend/src/hooks/useRequestHistory.ts(7,10): error TS2724: '"@/types/requests"' has no exported member named 'UseRequestHistoryOptions'. Did you mean 'RequestHistoryOptions'?
frontend/src/lib/__tests__/socket.test.ts(47,44): error TS2345: Argument of type 'string' is not assignable to parameter of type '{ [key: string]: string; }'.
frontend/src/lib/__tests__/socket.test.ts(86,46): error TS2345: Argument of type 'undefined' is not assignable to parameter of type '{ [key: string]: string; }'.
frontend/src/lib/__tests__/socket.test.ts(157,61): error TS7006: Parameter 'call' implicitly has an 'any' type.
frontend/src/lib/__tests__/socket.test.ts(172,10): error TS7006: Parameter 'call' implicitly has an 'any' type.
frontend/src/lib/__tests__/socket.test.ts(185,10): error TS7006: Parameter 'call' implicitly has an 'any' type.
frontend/src/lib/__tests__/socket.test.ts(208,10): error TS7006: Parameter 'call' implicitly has an 'any' type.
frontend/src/lib/__tests__/socket.test.ts(223,10): error TS7006: Parameter 'call' implicitly has an 'any' type.
frontend/src/lib/__tests__/socket.test.ts(234,10): error TS7006: Parameter 'call' implicitly has an 'any' type.
frontend/src/lib/api/__tests__/requests.test.ts(38,9): error TS2353: Object literal may only specify known properties, and 'tmdbId' does not exist in type 'RequestSubmission'.
frontend/src/lib/api/__tests__/requests.test.ts(44,9): error TS2322: Type 'number' is not assignable to type 'string'.
frontend/src/lib/api/__tests__/requests.test.ts(51,9): error TS2322: Type '"pending"' is not assignable to type 'RequestStatus'.
frontend/src/lib/api/__tests__/requests.test.ts(52,9): error TS2322: Type 'string' is not assignable to type 'Date'.
frontend/src/lib/api/__tests__/requests.test.ts(73,9): error TS2353: Object literal may only specify known properties, and 'tmdbId' does not exist in type 'RequestSubmission'.
frontend/src/lib/api/__tests__/requests.test.ts(80,9): error TS2322: Type 'number' is not assignable to type 'string'.
frontend/src/lib/api/__tests__/requests.test.ts(87,9): error TS2322: Type '"pending"' is not assignable to type 'RequestStatus'.
frontend/src/lib/api/__tests__/requests.test.ts(88,9): error TS2322: Type 'string' is not assignable to type 'Date'.
frontend/src/lib/api/__tests__/requests.test.ts(90,30): error TS2322: Type '"pending"' is not assignable to type 'RequestStatus'.
frontend/src/lib/api/__tests__/requests.test.ts(91,30): error TS2322: Type '"pending"' is not assignable to type 'RequestStatus'.
frontend/src/lib/api/__tests__/requests.test.ts(92,30): error TS2322: Type '"pending"' is not assignable to type 'RequestStatus'.
frontend/src/lib/api/__tests__/requests.test.ts(114,9): error TS2353: Object literal may only specify known properties, and 'tmdbId' does not exist in type 'RequestSubmission'.
frontend/src/lib/api/__tests__/requests.test.ts(129,9): error TS2353: Object literal may only specify known properties, and 'tmdbId' does not exist in type 'RequestSubmission'.
frontend/src/lib/api/__tests__/requests.test.ts(144,11): error TS2322: Type 'number' is not assignable to type 'string'.
frontend/src/lib/api/__tests__/requests.test.ts(151,11): error TS2322: Type '"available"' is not assignable to type 'RequestStatus'.
frontend/src/lib/api/__tests__/requests.test.ts(152,11): error TS2322: Type 'string' is not assignable to type 'Date'.
frontend/src/lib/api/__tests__/requests.test.ts(157,11): error TS2322: Type 'number' is not assignable to type 'string'.
frontend/src/lib/api/__tests__/requests.test.ts(164,11): error TS2322: Type '"pending"' is not assignable to type 'RequestStatus'.
frontend/src/lib/api/__tests__/requests.test.ts(165,11): error TS2322: Type 'string' is not assignable to type 'Date'.
frontend/src/lib/api/__tests__/requests.test.ts(207,9): error TS2322: Type 'number' is not assignable to type 'string'.
frontend/src/lib/api/__tests__/requests.test.ts(214,9): error TS2322: Type '"available"' is not assignable to type 'RequestStatus'.
frontend/src/lib/api/__tests__/requests.test.ts(215,9): error TS2322: Type 'string' is not assignable to type 'Date'.
frontend/src/lib/api/__tests__/requests.test.ts(246,9): error TS2322: Type 'number' is not assignable to type 'string'.
frontend/src/lib/api/__tests__/requests.test.ts(253,9): error TS2322: Type '"partially-available"' is not assignable to type 'RequestStatus'.
frontend/src/lib/api/__tests__/requests.test.ts(254,9): error TS2322: Type 'string' is not assignable to type 'Date'.
frontend/src/lib/api/__tests__/requests.test.ts(256,30): error TS2322: Type '"available"' is not assignable to type 'RequestStatus'.
frontend/src/lib/api/__tests__/requests.test.ts(257,30): error TS2322: Type '"available"' is not assignable to type 'RequestStatus'.
frontend/src/lib/api/__tests__/requests.test.ts(258,30): error TS2322: Type '"processing"' is not assignable to type 'RequestStatus'.
frontend/src/lib/api/__tests__/requests.test.ts(316,9): error TS2353: Object literal may only specify known properties, and 'tmdbId' does not exist in type 'RequestSubmission'.
frontend/src/lib/api/__tests__/requests.test.ts(329,53): error TS2352: Conversion of type '{ ok: true; json: () => Promise<never>; }' to type 'Response' may be a mistake because neither type sufficiently overlaps with the other. If this was intentional, convert the expression to 'unknown' first.
  Type '{ ok: true; json: () => Promise<never>; }' is missing the following properties from type 'Response': headers, redirected, status, statusText, and 10 more.
frontend/src/lib/api/client-axios.ts(1,17): error TS6133: 'AxiosInstance' is declared but its value is never read.
frontend/src/lib/api/client-axios.ts(1,32): error TS6133: 'AxiosRequestConfig' is declared but its value is never read.
frontend/src/lib/api/client-axios.ts(1,52): error TS6133: 'AxiosResponse' is declared but its value is never read.
frontend/src/lib/api/client.ts(81,38): error TS2345: Argument of type 'number' is not assignable to parameter of type 'string'.
frontend/src/lib/api/client.ts(102,49): error TS2345: Argument of type 'number' is not assignable to parameter of type 'string'.
frontend/src/lib/api/client.ts(105,47): error TS2345: Argument of type 'number' is not assignable to parameter of type 'string'.
frontend/src/lib/api/client.ts(135,7): error TS7053: Element implicitly has an 'any' type because expression of type '"Cache-Control"' can't be used to index type 'HeadersInit'.
  Property 'Cache-Control' does not exist on type 'HeadersInit'.
frontend/src/lib/auth/__tests__/auth-config-comprehensive.test.ts(3,1): error TS6133: 'PlexProvider' is declared but its value is never read.
frontend/src/lib/auth/__tests__/auth-config-comprehensive.test.ts(3,10): error TS2614: Module '"../plex-provider"' has no exported member 'PlexProvider'. Did you mean to use 'import PlexProvider from "../plex-provider"' instead?
frontend/src/lib/auth/__tests__/auth-config-comprehensive.test.ts(118,30): error TS2339: Property 'authorization' does not exist on type 'Provider'.
  Property 'authorization' does not exist on type 'EmailConfig'.
frontend/src/lib/auth/__tests__/auth-config-comprehensive.test.ts(119,30): error TS2339: Property 'token' does not exist on type 'Provider'.
  Property 'token' does not exist on type 'EmailConfig'.
frontend/src/lib/auth/__tests__/auth-config-comprehensive.test.ts(120,30): error TS2339: Property 'userinfo' does not exist on type 'Provider'.
  Property 'userinfo' does not exist on type 'EmailConfig'.
frontend/src/lib/auth/__tests__/auth-config-comprehensive.test.ts(127,30): error TS2339: Property 'clientId' does not exist on type 'Provider'.
  Property 'clientId' does not exist on type 'EmailConfig'.
frontend/src/lib/auth/__tests__/auth-config-comprehensive.test.ts(142,39): error TS2339: Property 'profile' does not exist on type 'Provider'.
  Property 'profile' does not exist on type 'EmailConfig'.
frontend/src/lib/auth/__tests__/auth-config-comprehensive.test.ts(165,39): error TS2339: Property 'profile' does not exist on type 'Provider'.
  Property 'profile' does not exist on type 'EmailConfig'.
frontend/src/lib/auth/__tests__/auth-config-comprehensive.test.ts(176,31): error TS2339: Property 'credentials' does not exist on type 'Provider'.
  Property 'credentials' does not exist on type 'OAuthConfig<any>'.
frontend/src/lib/auth/__tests__/auth-config-comprehensive.test.ts(177,31): error TS2339: Property 'credentials' does not exist on type 'Provider'.
  Property 'credentials' does not exist on type 'OAuthConfig<any>'.
frontend/src/lib/auth/__tests__/auth-config-comprehensive.test.ts(184,37): error TS2503: Cannot find namespace 'vi'.
frontend/src/lib/auth/__tests__/auth-config-comprehensive.test.ts(194,43): error TS2339: Property 'authorize' does not exist on type 'Provider'.
  Property 'authorize' does not exist on type 'OAuthConfig<any>'.
frontend/src/lib/auth/__tests__/auth-config-comprehensive.test.ts(210,37): error TS2503: Cannot find namespace 'vi'.
frontend/src/lib/auth/__tests__/auth-config-comprehensive.test.ts(215,43): error TS2339: Property 'authorize' does not exist on type 'Provider'.
  Property 'authorize' does not exist on type 'OAuthConfig<any>'.
frontend/src/lib/auth/__tests__/auth-config-comprehensive.test.ts(226,37): error TS2503: Cannot find namespace 'vi'.
frontend/src/lib/auth/__tests__/auth-config-comprehensive.test.ts(227,33): error TS2503: Cannot find namespace 'vi'.
frontend/src/lib/auth/__tests__/auth-config-comprehensive.test.ts(236,43): error TS2339: Property 'authorize' does not exist on type 'Provider'.
  Property 'authorize' does not exist on type 'OAuthConfig<any>'.
frontend/src/lib/auth/__tests__/auth-config-comprehensive.test.ts(269,11): error TS2739: Type '{}' is missing the following properties from type 'JWT': id, role
frontend/src/lib/auth/__tests__/auth-config-comprehensive.test.ts(293,11): error TS2741: Property 'id' is missing in type '{ sub: string; email: string; role: string; customField: string; }' but required in type 'JWT'.
frontend/src/lib/auth/__tests__/auth-config-comprehensive.test.ts(294,11): error TS2322: Type 'null' is not assignable to type 'User | AdapterUser'.
frontend/src/lib/auth/__tests__/auth-config-comprehensive.test.ts(316,11): error TS2741: Property 'id' is missing in type '{ sub: string; email: string; role: string; }' but required in type 'JWT'.
frontend/src/lib/auth/__tests__/auth-config-comprehensive.test.ts(320,16): error TS18048: 'token' is possibly 'undefined'.
frontend/src/lib/auth/__tests__/auth-config-comprehensive.test.ts(321,16): error TS18048: 'token' is possibly 'undefined'.
frontend/src/lib/auth/__tests__/auth-config-comprehensive.test.ts(339,11): error TS2741: Property 'user' is missing in type '{ expires: string; }' but required in type 'Session'.
frontend/src/lib/auth/__tests__/auth-config-comprehensive.test.ts(340,11): error TS2741: Property 'id' is missing in type '{ sub: string; email: string; username: string; role: string; plexId: number; requiresPasswordChange: boolean; }' but required in type 'JWT'.
frontend/src/lib/auth/__tests__/auth-config-comprehensive.test.ts(343,16): error TS18048: 'session' is possibly 'undefined'.
frontend/src/lib/auth/__tests__/auth-config-comprehensive.test.ts(359,11): error TS2741: Property 'user' is missing in type '{ expires: string; }' but required in type 'Session'.
frontend/src/lib/auth/__tests__/auth-config-comprehensive.test.ts(360,11): error TS2739: Type '{ sub: string; }' is missing the following properties from type 'JWT': id, role
frontend/src/lib/auth/__tests__/auth-config-comprehensive.test.ts(363,16): error TS18048: 'session' is possibly 'undefined'.
frontend/src/lib/auth/__tests__/auth-config-comprehensive.test.ts(363,16): error TS18048: 'session.user' is possibly 'undefined'.
frontend/src/lib/auth/__tests__/auth-config-comprehensive.test.ts(363,29): error TS2339: Property 'id' does not exist on type '{ name?: string | null | undefined; email?: string | null | undefined; image?: string | null | undefined; } | ({ id: string; role: string; requiresPasswordChange?: boolean | undefined; } & { ...; })'.
  Property 'id' does not exist on type '{ name?: string | null | undefined; email?: string | null | undefined; image?: string | null | undefined; }'.
frontend/src/lib/auth/__tests__/auth-config-comprehensive.test.ts(364,16): error TS18048: 'session' is possibly 'undefined'.
frontend/src/lib/auth/__tests__/auth-config-comprehensive.test.ts(364,16): error TS18048: 'session.user' is possibly 'undefined'.
frontend/src/lib/auth/__tests__/auth-config-comprehensive.test.ts(365,16): error TS18048: 'session' is possibly 'undefined'.
frontend/src/lib/auth/__tests__/auth-config-comprehensive.test.ts(365,16): error TS18048: 'session.user' is possibly 'undefined'.
frontend/src/lib/auth/__tests__/auth-config-comprehensive.test.ts(365,29): error TS2339: Property 'role' does not exist on type '{ name?: string | null | undefined; email?: string | null | undefined; image?: string | null | undefined; } | ({ id: string; role: string; requiresPasswordChange?: boolean | undefined; } & { ...; })'.
  Property 'role' does not exist on type '{ name?: string | null | undefined; email?: string | null | undefined; image?: string | null | undefined; }'.
frontend/src/lib/auth/__tests__/auth-config-comprehensive.test.ts(374,11): error TS2322: Type '{ id: string; email: string; }' is not assignable to type 'User | AdapterUser'.
  Type '{ id: string; email: string; }' is missing the following properties from type 'AdapterUser': emailVerified, role
frontend/src/lib/auth/__tests__/auth-config-comprehensive.test.ts(375,11): error TS2741: Property 'providerAccountId' is missing in type '{ provider: string; type: "oauth"; }' but required in type 'Account'.
frontend/src/lib/auth/__tests__/auth-config-comprehensive.test.ts(386,69): error TS2353: Object literal may only specify known properties, and 'blocked' does not exist in type 'User | AdapterUser'.
frontend/src/lib/auth/__tests__/auth-config-comprehensive.test.ts(387,11): error TS2741: Property 'providerAccountId' is missing in type '{ provider: string; type: "oauth"; }' but required in type 'Account'.
frontend/src/lib/auth/__tests__/auth-config-comprehensive.test.ts(398,37): error TS2503: Cannot find namespace 'vi'.
frontend/src/lib/auth/__tests__/auth-config-comprehensive.test.ts(406,11): error TS2322: Type '{ id: string; email: string; }' is not assignable to type 'User | AdapterUser'.
  Type '{ id: string; email: string; }' is missing the following properties from type 'AdapterUser': emailVerified, role
frontend/src/lib/auth/__tests__/auth-config-comprehensive.test.ts(407,11): error TS2741: Property 'providerAccountId' is missing in type '{ provider: string; type: "oauth"; }' but required in type 'Account'.
frontend/src/lib/auth/__tests__/auth-config-comprehensive.test.ts(408,22): error TS2353: Object literal may only specify known properties, and 'id' does not exist in type 'Profile'.
frontend/src/lib/auth/__tests__/auth-config-comprehensive.test.ts(424,9): error TS2741: Property 'role' is missing in type '{ id: string; email: string; }' but required in type 'User'.
frontend/src/lib/auth/__tests__/auth-config-comprehensive.test.ts(425,9): error TS2739: Type '{ provider: string; }' is missing the following properties from type 'Account': providerAccountId, type
frontend/src/lib/auth/__tests__/auth-config-comprehensive.test.ts(447,20): error TS2322: Type '{ id: string; }' is not assignable to type '{ id: string; role: string; requiresPasswordChange?: boolean | undefined; } & { name?: string | null | undefined; email?: string | null | undefined; image?: string | null | undefined; }'.
  Property 'role' is missing in type '{ id: string; }' but required in type '{ id: string; role: string; requiresPasswordChange?: boolean | undefined; }'.
frontend/src/lib/auth/__tests__/auth-config-comprehensive.test.ts(448,9): error TS2739: Type '{ sub: string; }' is missing the following properties from type 'JWT': id, role
frontend/src/lib/auth/__tests__/auth-config-comprehensive.test.ts(467,9): error TS2741: Property 'role' is missing in type '{ id: string; email: string; }' but required in type 'User'.
frontend/src/lib/auth/__tests__/auth-config-comprehensive.test.ts(507,35): error TS2503: Cannot find namespace 'vi'.
frontend/src/lib/csrf-interceptor.ts(3,10): error TS2305: Module '"./utils"' has no exported member 'logger'.
frontend/src/lib/csrf-interceptor.ts(39,35): error TS2345: Argument of type 'string | undefined' is not assignable to parameter of type 'string'.
  Type 'undefined' is not assignable to type 'string'.
frontend/src/lib/csrf-interceptor.ts(143,15): error TS2339: Property 'metadata' does not exist on type 'InternalAxiosRequestConfig<any>'.
frontend/src/lib/csrf-interceptor.ts(159,18): error TS2339: Property 'metadata' does not exist on type 'InternalAxiosRequestConfig<any>'.
frontend/src/lib/csrf-interceptor.ts(159,41): error TS2339: Property 'metadata' does not exist on type 'InternalAxiosRequestConfig<any>'.
frontend/src/lib/csrf-interceptor.ts(162,11): error TS2322: Type '{ [x: string]: any; Accept?: AxiosHeaderValue | undefined; Authorization?: AxiosHeaderValue | undefined; "Content-Length"?: AxiosHeaderValue | undefined; "User-Agent"?: AxiosHeaderValue | undefined; "Content-Encoding"?: AxiosHeaderValue | undefined; 'Content-Type'?: ContentType | undefined; }' is not assignable to type 'AxiosRequestHeaders'.
  Type '{ [x: string]: any; Accept?: AxiosHeaderValue | undefined; Authorization?: AxiosHeaderValue | undefined; "Content-Length"?: AxiosHeaderValue | undefined; "User-Agent"?: AxiosHeaderValue | undefined; "Content-Encoding"?: AxiosHeaderValue | undefined; 'Content-Type'?: ContentType | undefined; }' is missing the following properties from type 'AxiosHeaders': set, get, has, delete, and 24 more.
frontend/src/lib/csrf-interceptor.ts(168,39): error TS2339: Property 'axios' does not exist on type 'InternalAxiosRequestConfig<any>'.
frontend/src/lib/csrf-interceptor.ts(169,11): error TS2322: Type 'any' is not assignable to type 'never'.
frontend/src/lib/csrf-interceptor.ts(182,44): error TS2345: Argument of type '(config: AxiosRequestConfig) => Promise<AxiosRequestConfig>' is not assignable to parameter of type '(value: InternalAxiosRequestConfig<any>) => InternalAxiosRequestConfig<any> | Promise<InternalAxiosRequestConfig<any>>'.
  Type 'Promise<AxiosRequestConfig<any>>' is not assignable to type 'InternalAxiosRequestConfig<any> | Promise<InternalAxiosRequestConfig<any>>'.
    Type 'Promise<AxiosRequestConfig<any>>' is not assignable to type 'Promise<InternalAxiosRequestConfig<any>>'.
      Type 'AxiosRequestConfig<any>' is not assignable to type 'InternalAxiosRequestConfig<any>'.
        Types of property 'headers' are incompatible.
          Type 'AxiosHeaders | (Partial<RawAxiosHeaders & { Accept: AxiosHeaderValue; Authorization: AxiosHeaderValue; "Content-Length": AxiosHeaderValue; "User-Agent": AxiosHeaderValue; "Content-Encoding": AxiosHeaderValue; } & { ...; }> & Partial<...>) | undefined' is not assignable to type 'AxiosRequestHeaders'.
            Type 'undefined' is not assignable to type 'AxiosRequestHeaders'.
              Type 'undefined' is not assignable to type 'Partial<RawAxiosHeaders & { Accept: AxiosHeaderValue; Authorization: AxiosHeaderValue; "Content-Length": AxiosHeaderValue; "User-Agent": AxiosHeaderValue; "Content-Encoding": AxiosHeaderValue; } & { ...; }>'.
frontend/src/lib/enhanced-socket.ts(450,53): error TS6133: 'response' is declared but its value is never read.
frontend/src/lib/queues/queue-config.ts(1,63): error TS2307: Cannot find module 'bullmq' or its corresponding type declarations.
frontend/src/lib/queues/youtube-download-queue.ts(1,21): error TS2307: Cannot find module 'bullmq' or its corresponding type declarations.
frontend/src/lib/queues/youtube-download-queue.ts(71,41): error TS7006: Parameter 'job' implicitly has an 'any' type.
frontend/src/lib/redis/index.ts(32,3): error TS2459: Module '"./rate-limiter"' declares 'RATE_LIMITS' locally, but it is not exported.
frontend/src/lib/redis/rate-limiter.ts(2,1): error TS6133: 'RATE_LIMITS' is declared but its value is never read.
frontend/src/lib/redis/redis-client.ts(1,19): error TS2307: Cannot find module 'ioredis' or its corresponding type declarations.
frontend/src/lib/redis/redis-client.ts(47,30): error TS7006: Parameter 'err' implicitly has an 'any' type.
frontend/src/lib/redis/redis-client.ts(79,34): error TS7006: Parameter 'err' implicitly has an 'any' type.
frontend/src/lib/redis/redis-client.ts(94,27): error TS7006: Parameter 'err' implicitly has an 'any' type.
frontend/src/test/__tests__/auth-integration.test.tsx(225,19): error TS2503: Cannot find namespace 'vi'.
frontend/src/test/__tests__/auth-integration.test.tsx(229,22): error TS2503: Cannot find namespace 'vi'.
frontend/src/test/__tests__/auth-integration.test.tsx(259,19): error TS2503: Cannot find namespace 'vi'.
frontend/src/test/__tests__/auth-integration.test.tsx(287,23): error TS2503: Cannot find namespace 'vi'.
frontend/src/test/__tests__/auth-integration.test.tsx(334,23): error TS2503: Cannot find namespace 'vi'.
frontend/src/test/__tests__/auth-integration.test.tsx(343,28): error TS2503: Cannot find namespace 'vi'.
frontend/src/test/__tests__/auth-integration.test.tsx(383,23): error TS2503: Cannot find namespace 'vi'.
frontend/src/test/__tests__/auth-integration.test.tsx(418,13): error TS6133: 'user' is declared but its value is never read.
frontend/src/test/__tests__/auth-integration.test.tsx(423,23): error TS2503: Cannot find namespace 'vi'.
frontend/src/test/__tests__/auth-integration.test.tsx(451,23): error TS2503: Cannot find namespace 'vi'.
frontend/src/test/__tests__/auth-integration.test.tsx(513,13): error TS6133: 'user' is declared but its value is never read.
frontend/src/test/__tests__/auth-integration.test.tsx(523,30): error TS2503: Cannot find namespace 'vi'.
frontend/src/test/mocks/handlers.ts(55,50): error TS6133: 'request' is declared but its value is never read.
frontend/src/test/utils.tsx(48,5): error TS2353: Object literal may only specify known properties, and 'logger' does not exist in type 'QueryClientConfig'.
frontend/src/types/requests.ts(32,17): error TS2304: Cannot find name 'MediaRequest'.
frontend/vitest.config.ts(17,5): error TS2769: No overload matches this call.
  The last overload gave the following error.
    Object literal may only specify known properties, and 'define' does not exist in type 'InlineConfig'.
=== ./frontend/node_modules/es-shim-unscopables/tsconfig.json ===
frontend/node_modules/@types/babel__core/index.d.ts(2,31): error TS2792: Cannot find module '@babel/parser'. Did you mean to set the 'moduleResolution' option to 'nodenext', or to add aliases to the 'paths' option?
frontend/node_modules/@types/babel__core/index.d.ts(5,20): error TS2792: Cannot find module '@babel/types'. Did you mean to set the 'moduleResolution' option to 'nodenext', or to add aliases to the 'paths' option?
frontend/node_modules/@types/babel__core/index.d.ts(10,52): error TS2792: Cannot find module '@babel/parser'. Did you mean to set the 'moduleResolution' option to 'nodenext', or to add aliases to the 'paths' option?
frontend/node_modules/@types/babel__generator/index.d.ts(1,20): error TS2792: Cannot find module '@babel/types'. Did you mean to set the 'moduleResolution' option to 'nodenext', or to add aliases to the 'paths' option?
frontend/node_modules/@types/babel__template/index.d.ts(1,31): error TS2792: Cannot find module '@babel/parser'. Did you mean to set the 'moduleResolution' option to 'nodenext', or to add aliases to the 'paths' option?
frontend/node_modules/@types/babel__template/index.d.ts(2,48): error TS2792: Cannot find module '@babel/types'. Did you mean to set the 'moduleResolution' option to 'nodenext', or to add aliases to the 'paths' option?
frontend/node_modules/@types/babel__traverse/index.d.ts(1,20): error TS2792: Cannot find module '@babel/types'. Did you mean to set the 'moduleResolution' option to 'nodenext', or to add aliases to the 'paths' option?
frontend/node_modules/@types/babel__traverse/index.d.ts(361,28): error TS2536: Type '"type"' cannot be used to index type 'T'.
frontend/node_modules/@types/node/web-globals/fetch.d.ts(3,25): error TS2792: Cannot find module 'undici-types'. Did you mean to set the 'moduleResolution' option to 'nodenext', or to add aliases to the 'paths' option?
frontend/node_modules/@types/react/index.d.ts(7,22): error TS2792: Cannot find module 'csstype'. Did you mean to set the 'moduleResolution' option to 'nodenext', or to add aliases to the 'paths' option?
frontend/node_modules/es-shim-unscopables/tsconfig.json(2,13): error TS6053: File '@ljharb/tsconfig' not found.
=== ./frontend/node_modules/side-channel/tsconfig.json ===
frontend/node_modules/@types/babel__core/index.d.ts(2,31): error TS2792: Cannot find module '@babel/parser'. Did you mean to set the 'moduleResolution' option to 'nodenext', or to add aliases to the 'paths' option?
frontend/node_modules/@types/babel__core/index.d.ts(5,20): error TS2792: Cannot find module '@babel/types'. Did you mean to set the 'moduleResolution' option to 'nodenext', or to add aliases to the 'paths' option?
frontend/node_modules/@types/babel__core/index.d.ts(10,52): error TS2792: Cannot find module '@babel/parser'. Did you mean to set the 'moduleResolution' option to 'nodenext', or to add aliases to the 'paths' option?
frontend/node_modules/@types/babel__generator/index.d.ts(1,20): error TS2792: Cannot find module '@babel/types'. Did you mean to set the 'moduleResolution' option to 'nodenext', or to add aliases to the 'paths' option?
frontend/node_modules/@types/babel__template/index.d.ts(1,31): error TS2792: Cannot find module '@babel/parser'. Did you mean to set the 'moduleResolution' option to 'nodenext', or to add aliases to the 'paths' option?
frontend/node_modules/@types/babel__template/index.d.ts(2,48): error TS2792: Cannot find module '@babel/types'. Did you mean to set the 'moduleResolution' option to 'nodenext', or to add aliases to the 'paths' option?
frontend/node_modules/@types/babel__traverse/index.d.ts(1,20): error TS2792: Cannot find module '@babel/types'. Did you mean to set the 'moduleResolution' option to 'nodenext', or to add aliases to the 'paths' option?
frontend/node_modules/@types/babel__traverse/index.d.ts(361,28): error TS2536: Type '"type"' cannot be used to index type 'T'.
frontend/node_modules/@types/node/web-globals/fetch.d.ts(3,25): error TS2792: Cannot find module 'undici-types'. Did you mean to set the 'moduleResolution' option to 'nodenext', or to add aliases to the 'paths' option?
frontend/node_modules/@types/react/index.d.ts(7,22): error TS2792: Cannot find module 'csstype'. Did you mean to set the 'moduleResolution' option to 'nodenext', or to add aliases to the 'paths' option?
frontend/node_modules/side-channel/index.d.ts(1,32): error TS2792: Cannot find module 'side-channel-list'. Did you mean to set the 'moduleResolution' option to 'nodenext', or to add aliases to the 'paths' option?
frontend/node_modules/side-channel/index.d.ts(2,31): error TS2792: Cannot find module 'side-channel-map'. Did you mean to set the 'moduleResolution' option to 'nodenext', or to add aliases to the 'paths' option?
frontend/node_modules/side-channel/index.d.ts(3,35): error TS2792: Cannot find module 'side-channel-weakmap'. Did you mean to set the 'moduleResolution' option to 'nodenext', or to add aliases to the 'paths' option?
frontend/node_modules/side-channel/tsconfig.json(2,13): error TS6053: File '@ljharb/tsconfig' not found.
=== ./frontend/node_modules/typed-array-length/tsconfig.json ===
frontend/node_modules/@types/babel__core/index.d.ts(2,31): error TS2792: Cannot find module '@babel/parser'. Did you mean to set the 'moduleResolution' option to 'nodenext', or to add aliases to the 'paths' option?
frontend/node_modules/@types/babel__core/index.d.ts(5,20): error TS2792: Cannot find module '@babel/types'. Did you mean to set the 'moduleResolution' option to 'nodenext', or to add aliases to the 'paths' option?
frontend/node_modules/@types/babel__core/index.d.ts(10,52): error TS2792: Cannot find module '@babel/parser'. Did you mean to set the 'moduleResolution' option to 'nodenext', or to add aliases to the 'paths' option?
frontend/node_modules/@types/babel__generator/index.d.ts(1,20): error TS2792: Cannot find module '@babel/types'. Did you mean to set the 'moduleResolution' option to 'nodenext', or to add aliases to the 'paths' option?
frontend/node_modules/@types/babel__template/index.d.ts(1,31): error TS2792: Cannot find module '@babel/parser'. Did you mean to set the 'moduleResolution' option to 'nodenext', or to add aliases to the 'paths' option?
frontend/node_modules/@types/babel__template/index.d.ts(2,48): error TS2792: Cannot find module '@babel/types'. Did you mean to set the 'moduleResolution' option to 'nodenext', or to add aliases to the 'paths' option?
frontend/node_modules/@types/babel__traverse/index.d.ts(1,20): error TS2792: Cannot find module '@babel/types'. Did you mean to set the 'moduleResolution' option to 'nodenext', or to add aliases to the 'paths' option?
frontend/node_modules/@types/babel__traverse/index.d.ts(361,28): error TS2536: Type '"type"' cannot be used to index type 'T'.
frontend/node_modules/@types/node/web-globals/fetch.d.ts(3,25): error TS2792: Cannot find module 'undici-types'. Did you mean to set the 'moduleResolution' option to 'nodenext', or to add aliases to the 'paths' option?
frontend/node_modules/@types/react/index.d.ts(7,22): error TS2792: Cannot find module 'csstype'. Did you mean to set the 'moduleResolution' option to 'nodenext', or to add aliases to the 'paths' option?
frontend/node_modules/typed-array-length/index.d.ts(1,24): error TS2792: Cannot find module 'possible-typed-array-names'. Did you mean to set the 'moduleResolution' option to 'nodenext', or to add aliases to the 'paths' option?
frontend/node_modules/typed-array-length/tsconfig.json(2,13): error TS6053: File '@ljharb/tsconfig' not found.
=== ./frontend/node_modules/is-symbol/tsconfig.json ===
frontend/node_modules/@types/babel__core/index.d.ts(2,31): error TS2792: Cannot find module '@babel/parser'. Did you mean to set the 'moduleResolution' option to 'nodenext', or to add aliases to the 'paths' option?
frontend/node_modules/@types/babel__core/index.d.ts(5,20): error TS2792: Cannot find module '@babel/types'. Did you mean to set the 'moduleResolution' option to 'nodenext', or to add aliases to the 'paths' option?
frontend/node_modules/@types/babel__core/index.d.ts(10,52): error TS2792: Cannot find module '@babel/parser'. Did you mean to set the 'moduleResolution' option to 'nodenext', or to add aliases to the 'paths' option?
frontend/node_modules/@types/babel__generator/index.d.ts(1,20): error TS2792: Cannot find module '@babel/types'. Did you mean to set the 'moduleResolution' option to 'nodenext', or to add aliases to the 'paths' option?
frontend/node_modules/@types/babel__template/index.d.ts(1,31): error TS2792: Cannot find module '@babel/parser'. Did you mean to set the 'moduleResolution' option to 'nodenext', or to add aliases to the 'paths' option?
frontend/node_modules/@types/babel__template/index.d.ts(2,48): error TS2792: Cannot find module '@babel/types'. Did you mean to set the 'moduleResolution' option to 'nodenext', or to add aliases to the 'paths' option?
frontend/node_modules/@types/babel__traverse/index.d.ts(1,20): error TS2792: Cannot find module '@babel/types'. Did you mean to set the 'moduleResolution' option to 'nodenext', or to add aliases to the 'paths' option?
frontend/node_modules/@types/babel__traverse/index.d.ts(361,28): error TS2536: Type '"type"' cannot be used to index type 'T'.
frontend/node_modules/@types/node/web-globals/fetch.d.ts(3,25): error TS2792: Cannot find module 'undici-types'. Did you mean to set the 'moduleResolution' option to 'nodenext', or to add aliases to the 'paths' option?
frontend/node_modules/@types/react/index.d.ts(7,22): error TS2792: Cannot find module 'csstype'. Did you mean to set the 'moduleResolution' option to 'nodenext', or to add aliases to the 'paths' option?
frontend/node_modules/is-symbol/tsconfig.json(2,13): error TS6053: File '@ljharb/tsconfig' not found.
=== ./frontend/node_modules/side-channel-list/tsconfig.json ===
frontend/node_modules/@types/babel__core/index.d.ts(2,31): error TS2792: Cannot find module '@babel/parser'. Did you mean to set the 'moduleResolution' option to 'nodenext', or to add aliases to the 'paths' option?
frontend/node_modules/@types/babel__core/index.d.ts(5,20): error TS2792: Cannot find module '@babel/types'. Did you mean to set the 'moduleResolution' option to 'nodenext', or to add aliases to the 'paths' option?
frontend/node_modules/@types/babel__core/index.d.ts(10,52): error TS2792: Cannot find module '@babel/parser'. Did you mean to set the 'moduleResolution' option to 'nodenext', or to add aliases to the 'paths' option?
frontend/node_modules/@types/babel__generator/index.d.ts(1,20): error TS2792: Cannot find module '@babel/types'. Did you mean to set the 'moduleResolution' option to 'nodenext', or to add aliases to the 'paths' option?
frontend/node_modules/@types/babel__template/index.d.ts(1,31): error TS2792: Cannot find module '@babel/parser'. Did you mean to set the 'moduleResolution' option to 'nodenext', or to add aliases to the 'paths' option?
frontend/node_modules/@types/babel__template/index.d.ts(2,48): error TS2792: Cannot find module '@babel/types'. Did you mean to set the 'moduleResolution' option to 'nodenext', or to add aliases to the 'paths' option?
frontend/node_modules/@types/babel__traverse/index.d.ts(1,20): error TS2792: Cannot find module '@babel/types'. Did you mean to set the 'moduleResolution' option to 'nodenext', or to add aliases to the 'paths' option?
frontend/node_modules/@types/babel__traverse/index.d.ts(361,28): error TS2536: Type '"type"' cannot be used to index type 'T'.
frontend/node_modules/@types/node/web-globals/fetch.d.ts(3,25): error TS2792: Cannot find module 'undici-types'. Did you mean to set the 'moduleResolution' option to 'nodenext', or to add aliases to the 'paths' option?
frontend/node_modules/@types/react/index.d.ts(7,22): error TS2792: Cannot find module 'csstype'. Did you mean to set the 'moduleResolution' option to 'nodenext', or to add aliases to the 'paths' option?
frontend/node_modules/side-channel-list/tsconfig.json(2,13): error TS6053: File '@ljharb/tsconfig' not found.
=== ./frontend/node_modules/which-collection/tsconfig.json ===
frontend/node_modules/which-collection/test/index.js(3,20): error TS2307: Cannot find module 'tape' or its corresponding type declarations.
frontend/node_modules/which-collection/test/index.js(4,21): error TS7016: Could not find a declaration file for module 'object-inspect'. '/home/kinginyellow/projects/medianest/frontend/node_modules/object-inspect/index.js' implicitly has an 'any' type.
  Try `npm i --save-dev @types/object-inspect` if it exists or add a new declaration (.d.ts) file containing `declare module 'object-inspect';`
frontend/node_modules/which-collection/test/index.js(9,35): error TS7006: Parameter 't' implicitly has an 'any' type.
frontend/node_modules/which-collection/test/index.js(33,61): error TS7006: Parameter 't' implicitly has an 'any' type.
frontend/node_modules/which-collection/test/index.js(40,61): error TS7006: Parameter 't' implicitly has an 'any' type.
frontend/node_modules/which-collection/test/index.js(47,69): error TS7006: Parameter 't' implicitly has an 'any' type.
frontend/node_modules/which-collection/test/index.js(54,69): error TS7006: Parameter 't' implicitly has an 'any' type.
=== ./frontend/node_modules/is-finalizationregistry/tsconfig.json ===
frontend/node_modules/@types/babel__core/index.d.ts(2,31): error TS2792: Cannot find module '@babel/parser'. Did you mean to set the 'moduleResolution' option to 'nodenext', or to add aliases to the 'paths' option?
frontend/node_modules/@types/babel__core/index.d.ts(5,20): error TS2792: Cannot find module '@babel/types'. Did you mean to set the 'moduleResolution' option to 'nodenext', or to add aliases to the 'paths' option?
frontend/node_modules/@types/babel__core/index.d.ts(10,52): error TS2792: Cannot find module '@babel/parser'. Did you mean to set the 'moduleResolution' option to 'nodenext', or to add aliases to the 'paths' option?
frontend/node_modules/@types/babel__generator/index.d.ts(1,20): error TS2792: Cannot find module '@babel/types'. Did you mean to set the 'moduleResolution' option to 'nodenext', or to add aliases to the 'paths' option?
frontend/node_modules/@types/babel__template/index.d.ts(1,31): error TS2792: Cannot find module '@babel/parser'. Did you mean to set the 'moduleResolution' option to 'nodenext', or to add aliases to the 'paths' option?
frontend/node_modules/@types/babel__template/index.d.ts(2,48): error TS2792: Cannot find module '@babel/types'. Did you mean to set the 'moduleResolution' option to 'nodenext', or to add aliases to the 'paths' option?
frontend/node_modules/@types/babel__traverse/index.d.ts(1,20): error TS2792: Cannot find module '@babel/types'. Did you mean to set the 'moduleResolution' option to 'nodenext', or to add aliases to the 'paths' option?
frontend/node_modules/@types/babel__traverse/index.d.ts(361,28): error TS2536: Type '"type"' cannot be used to index type 'T'.
frontend/node_modules/@types/node/web-globals/fetch.d.ts(3,25): error TS2792: Cannot find module 'undici-types'. Did you mean to set the 'moduleResolution' option to 'nodenext', or to add aliases to the 'paths' option?
frontend/node_modules/@types/react/index.d.ts(7,22): error TS2792: Cannot find module 'csstype'. Did you mean to set the 'moduleResolution' option to 'nodenext', or to add aliases to the 'paths' option?
frontend/node_modules/is-finalizationregistry/tsconfig.json(2,14): error TS6053: File '@ljharb/tsconfig' not found.
=== ./frontend/node_modules/unbox-primitive/tsconfig.json ===
frontend/node_modules/unbox-primitive/tsconfig.json(2,13): error TS6053: File '@ljharb/tsconfig' not found.
=== ./frontend/node_modules/dunder-proto/tsconfig.json ===
frontend/node_modules/@types/babel__core/index.d.ts(2,31): error TS2792: Cannot find module '@babel/parser'. Did you mean to set the 'moduleResolution' option to 'nodenext', or to add aliases to the 'paths' option?
frontend/node_modules/@types/babel__core/index.d.ts(5,20): error TS2792: Cannot find module '@babel/types'. Did you mean to set the 'moduleResolution' option to 'nodenext', or to add aliases to the 'paths' option?
frontend/node_modules/@types/babel__core/index.d.ts(10,52): error TS2792: Cannot find module '@babel/parser'. Did you mean to set the 'moduleResolution' option to 'nodenext', or to add aliases to the 'paths' option?
frontend/node_modules/@types/babel__generator/index.d.ts(1,20): error TS2792: Cannot find module '@babel/types'. Did you mean to set the 'moduleResolution' option to 'nodenext', or to add aliases to the 'paths' option?
frontend/node_modules/@types/babel__template/index.d.ts(1,31): error TS2792: Cannot find module '@babel/parser'. Did you mean to set the 'moduleResolution' option to 'nodenext', or to add aliases to the 'paths' option?
frontend/node_modules/@types/babel__template/index.d.ts(2,48): error TS2792: Cannot find module '@babel/types'. Did you mean to set the 'moduleResolution' option to 'nodenext', or to add aliases to the 'paths' option?
frontend/node_modules/@types/babel__traverse/index.d.ts(1,20): error TS2792: Cannot find module '@babel/types'. Did you mean to set the 'moduleResolution' option to 'nodenext', or to add aliases to the 'paths' option?
frontend/node_modules/@types/babel__traverse/index.d.ts(361,28): error TS2536: Type '"type"' cannot be used to index type 'T'.
frontend/node_modules/@types/node/web-globals/fetch.d.ts(3,25): error TS2792: Cannot find module 'undici-types'. Did you mean to set the 'moduleResolution' option to 'nodenext', or to add aliases to the 'paths' option?
frontend/node_modules/@types/react/index.d.ts(7,22): error TS2792: Cannot find module 'csstype'. Did you mean to set the 'moduleResolution' option to 'nodenext', or to add aliases to the 'paths' option?
frontend/node_modules/dunder-proto/tsconfig.json(2,13): error TS6053: File '@ljharb/tsconfig' not found.
=== ./frontend/node_modules/safe-array-concat/tsconfig.json ===
frontend/node_modules/@types/babel__core/index.d.ts(2,31): error TS2792: Cannot find module '@babel/parser'. Did you mean to set the 'moduleResolution' option to 'nodenext', or to add aliases to the 'paths' option?
frontend/node_modules/@types/babel__core/index.d.ts(5,20): error TS2792: Cannot find module '@babel/types'. Did you mean to set the 'moduleResolution' option to 'nodenext', or to add aliases to the 'paths' option?
frontend/node_modules/@types/babel__core/index.d.ts(10,52): error TS2792: Cannot find module '@babel/parser'. Did you mean to set the 'moduleResolution' option to 'nodenext', or to add aliases to the 'paths' option?
frontend/node_modules/@types/babel__generator/index.d.ts(1,20): error TS2792: Cannot find module '@babel/types'. Did you mean to set the 'moduleResolution' option to 'nodenext', or to add aliases to the 'paths' option?
frontend/node_modules/@types/babel__template/index.d.ts(1,31): error TS2792: Cannot find module '@babel/parser'. Did you mean to set the 'moduleResolution' option to 'nodenext', or to add aliases to the 'paths' option?
frontend/node_modules/@types/babel__template/index.d.ts(2,48): error TS2792: Cannot find module '@babel/types'. Did you mean to set the 'moduleResolution' option to 'nodenext', or to add aliases to the 'paths' option?
frontend/node_modules/@types/babel__traverse/index.d.ts(1,20): error TS2792: Cannot find module '@babel/types'. Did you mean to set the 'moduleResolution' option to 'nodenext', or to add aliases to the 'paths' option?
frontend/node_modules/@types/babel__traverse/index.d.ts(361,28): error TS2536: Type '"type"' cannot be used to index type 'T'.
frontend/node_modules/@types/node/web-globals/fetch.d.ts(3,25): error TS2792: Cannot find module 'undici-types'. Did you mean to set the 'moduleResolution' option to 'nodenext', or to add aliases to the 'paths' option?
frontend/node_modules/@types/react/index.d.ts(7,22): error TS2792: Cannot find module 'csstype'. Did you mean to set the 'moduleResolution' option to 'nodenext', or to add aliases to the 'paths' option?
frontend/node_modules/safe-array-concat/tsconfig.json(2,14): error TS6053: File '@ljharb/tsconfig' not found.
=== ./frontend/node_modules/@tanstack/react-query/build/query-codemods/tsconfig.json ===
error TS5083: Cannot read file '/home/kinginyellow/projects/medianest/frontend/node_modules/@tanstack/react-query/tsconfig.json'.
frontend/node_modules/@tanstack/react-query/build/query-codemods/vite.config.ts(3,25): error TS2732: Cannot find module './package.json'. Consider using '--resolveJsonModule' to import module with '.json' extension.
frontend/node_modules/vite/dist/node/index.d.ts(7,41): error TS2307: Cannot find module 'rollup/parseAst' or its corresponding type declarations.
  There are types at '/home/kinginyellow/projects/medianest/frontend/node_modules/rollup/dist/parseAst.d.ts', but this result could not be resolved under your current 'moduleResolution' setting. Consider updating to 'node16', 'nodenext', or 'bundler'.
frontend/node_modules/vitest/dist/chunks/reporters.d.BFLkQcL6.d.ts(105,2): error TS18028: Private identifiers are only available when targeting ECMAScript 2015 and higher.
frontend/node_modules/vitest/dist/chunks/reporters.d.BFLkQcL6.d.ts(146,2): error TS18028: Private identifiers are only available when targeting ECMAScript 2015 and higher.
frontend/node_modules/vitest/dist/chunks/reporters.d.BFLkQcL6.d.ts(197,2): error TS18028: Private identifiers are only available when targeting ECMAScript 2015 and higher.
=== ./frontend/node_modules/data-view-byte-length/tsconfig.json ===
frontend/node_modules/@types/babel__core/index.d.ts(2,31): error TS2792: Cannot find module '@babel/parser'. Did you mean to set the 'moduleResolution' option to 'nodenext', or to add aliases to the 'paths' option?
frontend/node_modules/@types/babel__core/index.d.ts(5,20): error TS2792: Cannot find module '@babel/types'. Did you mean to set the 'moduleResolution' option to 'nodenext', or to add aliases to the 'paths' option?
frontend/node_modules/@types/babel__core/index.d.ts(10,52): error TS2792: Cannot find module '@babel/parser'. Did you mean to set the 'moduleResolution' option to 'nodenext', or to add aliases to the 'paths' option?
frontend/node_modules/@types/babel__generator/index.d.ts(1,20): error TS2792: Cannot find module '@babel/types'. Did you mean to set the 'moduleResolution' option to 'nodenext', or to add aliases to the 'paths' option?
frontend/node_modules/@types/babel__template/index.d.ts(1,31): error TS2792: Cannot find module '@babel/parser'. Did you mean to set the 'moduleResolution' option to 'nodenext', or to add aliases to the 'paths' option?
frontend/node_modules/@types/babel__template/index.d.ts(2,48): error TS2792: Cannot find module '@babel/types'. Did you mean to set the 'moduleResolution' option to 'nodenext', or to add aliases to the 'paths' option?
frontend/node_modules/@types/babel__traverse/index.d.ts(1,20): error TS2792: Cannot find module '@babel/types'. Did you mean to set the 'moduleResolution' option to 'nodenext', or to add aliases to the 'paths' option?
frontend/node_modules/@types/babel__traverse/index.d.ts(361,28): error TS2536: Type '"type"' cannot be used to index type 'T'.
frontend/node_modules/@types/node/web-globals/fetch.d.ts(3,25): error TS2792: Cannot find module 'undici-types'. Did you mean to set the 'moduleResolution' option to 'nodenext', or to add aliases to the 'paths' option?
frontend/node_modules/@types/react/index.d.ts(7,22): error TS2792: Cannot find module 'csstype'. Did you mean to set the 'moduleResolution' option to 'nodenext', or to add aliases to the 'paths' option?
frontend/node_modules/data-view-byte-length/tsconfig.json(2,13): error TS6053: File '@ljharb/tsconfig' not found.
=== ./frontend/node_modules/async-function/tsconfig.json ===
frontend/node_modules/@types/babel__core/index.d.ts(2,31): error TS2792: Cannot find module '@babel/parser'. Did you mean to set the 'moduleResolution' option to 'nodenext', or to add aliases to the 'paths' option?
frontend/node_modules/@types/babel__core/index.d.ts(5,20): error TS2792: Cannot find module '@babel/types'. Did you mean to set the 'moduleResolution' option to 'nodenext', or to add aliases to the 'paths' option?
frontend/node_modules/@types/babel__core/index.d.ts(10,52): error TS2792: Cannot find module '@babel/parser'. Did you mean to set the 'moduleResolution' option to 'nodenext', or to add aliases to the 'paths' option?
frontend/node_modules/@types/babel__generator/index.d.ts(1,20): error TS2792: Cannot find module '@babel/types'. Did you mean to set the 'moduleResolution' option to 'nodenext', or to add aliases to the 'paths' option?
frontend/node_modules/@types/babel__template/index.d.ts(1,31): error TS2792: Cannot find module '@babel/parser'. Did you mean to set the 'moduleResolution' option to 'nodenext', or to add aliases to the 'paths' option?
frontend/node_modules/@types/babel__template/index.d.ts(2,48): error TS2792: Cannot find module '@babel/types'. Did you mean to set the 'moduleResolution' option to 'nodenext', or to add aliases to the 'paths' option?
frontend/node_modules/@types/babel__traverse/index.d.ts(1,20): error TS2792: Cannot find module '@babel/types'. Did you mean to set the 'moduleResolution' option to 'nodenext', or to add aliases to the 'paths' option?
frontend/node_modules/@types/babel__traverse/index.d.ts(361,28): error TS2536: Type '"type"' cannot be used to index type 'T'.
frontend/node_modules/@types/node/web-globals/fetch.d.ts(3,25): error TS2792: Cannot find module 'undici-types'. Did you mean to set the 'moduleResolution' option to 'nodenext', or to add aliases to the 'paths' option?
frontend/node_modules/@types/react/index.d.ts(7,22): error TS2792: Cannot find module 'csstype'. Did you mean to set the 'moduleResolution' option to 'nodenext', or to add aliases to the 'paths' option?
frontend/node_modules/async-function/index.d.mts(1,35): error TS2792: Cannot find module '.'. Did you mean to set the 'moduleResolution' option to 'nodenext', or to add aliases to the 'paths' option?
frontend/node_modules/async-function/tsconfig.json(2,13): error TS6053: File '@ljharb/tsconfig' not found.
=== ./frontend/node_modules/is-weakref/tsconfig.json ===
frontend/node_modules/@types/babel__core/index.d.ts(2,31): error TS2792: Cannot find module '@babel/parser'. Did you mean to set the 'moduleResolution' option to 'nodenext', or to add aliases to the 'paths' option?
frontend/node_modules/@types/babel__core/index.d.ts(5,20): error TS2792: Cannot find module '@babel/types'. Did you mean to set the 'moduleResolution' option to 'nodenext', or to add aliases to the 'paths' option?
frontend/node_modules/@types/babel__core/index.d.ts(10,52): error TS2792: Cannot find module '@babel/parser'. Did you mean to set the 'moduleResolution' option to 'nodenext', or to add aliases to the 'paths' option?
frontend/node_modules/@types/babel__generator/index.d.ts(1,20): error TS2792: Cannot find module '@babel/types'. Did you mean to set the 'moduleResolution' option to 'nodenext', or to add aliases to the 'paths' option?
frontend/node_modules/@types/babel__template/index.d.ts(1,31): error TS2792: Cannot find module '@babel/parser'. Did you mean to set the 'moduleResolution' option to 'nodenext', or to add aliases to the 'paths' option?
frontend/node_modules/@types/babel__template/index.d.ts(2,48): error TS2792: Cannot find module '@babel/types'. Did you mean to set the 'moduleResolution' option to 'nodenext', or to add aliases to the 'paths' option?
frontend/node_modules/@types/babel__traverse/index.d.ts(1,20): error TS2792: Cannot find module '@babel/types'. Did you mean to set the 'moduleResolution' option to 'nodenext', or to add aliases to the 'paths' option?
frontend/node_modules/@types/babel__traverse/index.d.ts(361,28): error TS2536: Type '"type"' cannot be used to index type 'T'.
frontend/node_modules/@types/node/web-globals/fetch.d.ts(3,25): error TS2792: Cannot find module 'undici-types'. Did you mean to set the 'moduleResolution' option to 'nodenext', or to add aliases to the 'paths' option?
frontend/node_modules/@types/react/index.d.ts(7,22): error TS2792: Cannot find module 'csstype'. Did you mean to set the 'moduleResolution' option to 'nodenext', or to add aliases to the 'paths' option?
frontend/node_modules/is-weakref/tsconfig.json(2,14): error TS6053: File '@ljharb/tsconfig' not found.
=== ./frontend/node_modules/is-async-function/tsconfig.json ===
frontend/node_modules/@types/babel__core/index.d.ts(2,31): error TS2792: Cannot find module '@babel/parser'. Did you mean to set the 'moduleResolution' option to 'nodenext', or to add aliases to the 'paths' option?
frontend/node_modules/@types/babel__core/index.d.ts(5,20): error TS2792: Cannot find module '@babel/types'. Did you mean to set the 'moduleResolution' option to 'nodenext', or to add aliases to the 'paths' option?
frontend/node_modules/@types/babel__core/index.d.ts(10,52): error TS2792: Cannot find module '@babel/parser'. Did you mean to set the 'moduleResolution' option to 'nodenext', or to add aliases to the 'paths' option?
frontend/node_modules/@types/babel__generator/index.d.ts(1,20): error TS2792: Cannot find module '@babel/types'. Did you mean to set the 'moduleResolution' option to 'nodenext', or to add aliases to the 'paths' option?
frontend/node_modules/@types/babel__template/index.d.ts(1,31): error TS2792: Cannot find module '@babel/parser'. Did you mean to set the 'moduleResolution' option to 'nodenext', or to add aliases to the 'paths' option?
frontend/node_modules/@types/babel__template/index.d.ts(2,48): error TS2792: Cannot find module '@babel/types'. Did you mean to set the 'moduleResolution' option to 'nodenext', or to add aliases to the 'paths' option?
frontend/node_modules/@types/babel__traverse/index.d.ts(1,20): error TS2792: Cannot find module '@babel/types'. Did you mean to set the 'moduleResolution' option to 'nodenext', or to add aliases to the 'paths' option?
frontend/node_modules/@types/babel__traverse/index.d.ts(361,28): error TS2536: Type '"type"' cannot be used to index type 'T'.
frontend/node_modules/@types/node/web-globals/fetch.d.ts(3,25): error TS2792: Cannot find module 'undici-types'. Did you mean to set the 'moduleResolution' option to 'nodenext', or to add aliases to the 'paths' option?
frontend/node_modules/@types/react/index.d.ts(7,22): error TS2792: Cannot find module 'csstype'. Did you mean to set the 'moduleResolution' option to 'nodenext', or to add aliases to the 'paths' option?
frontend/node_modules/is-async-function/index.d.ts(1,36): error TS2792: Cannot find module 'async-function'. Did you mean to set the 'moduleResolution' option to 'nodenext', or to add aliases to the 'paths' option?
frontend/node_modules/is-async-function/tsconfig.json(2,14): error TS6053: File '@ljharb/tsconfig' not found.
=== ./frontend/node_modules/psl/types/tsconfig.json ===
frontend/node_modules/@types/react-dom/index.d.ts(86,22): error TS2304: Cannot find name 'ReferrerPolicy'.
frontend/node_modules/@types/react-dom/index.d.ts(92,31): error TS2304: Cannot find name 'RequestDestination'.
=== ./frontend/node_modules/side-channel-map/tsconfig.json ===
frontend/node_modules/@types/babel__core/index.d.ts(2,31): error TS2792: Cannot find module '@babel/parser'. Did you mean to set the 'moduleResolution' option to 'nodenext', or to add aliases to the 'paths' option?
frontend/node_modules/@types/babel__core/index.d.ts(5,20): error TS2792: Cannot find module '@babel/types'. Did you mean to set the 'moduleResolution' option to 'nodenext', or to add aliases to the 'paths' option?
frontend/node_modules/@types/babel__core/index.d.ts(10,52): error TS2792: Cannot find module '@babel/parser'. Did you mean to set the 'moduleResolution' option to 'nodenext', or to add aliases to the 'paths' option?
frontend/node_modules/@types/babel__generator/index.d.ts(1,20): error TS2792: Cannot find module '@babel/types'. Did you mean to set the 'moduleResolution' option to 'nodenext', or to add aliases to the 'paths' option?
frontend/node_modules/@types/babel__template/index.d.ts(1,31): error TS2792: Cannot find module '@babel/parser'. Did you mean to set the 'moduleResolution' option to 'nodenext', or to add aliases to the 'paths' option?
frontend/node_modules/@types/babel__template/index.d.ts(2,48): error TS2792: Cannot find module '@babel/types'. Did you mean to set the 'moduleResolution' option to 'nodenext', or to add aliases to the 'paths' option?
frontend/node_modules/@types/babel__traverse/index.d.ts(1,20): error TS2792: Cannot find module '@babel/types'. Did you mean to set the 'moduleResolution' option to 'nodenext', or to add aliases to the 'paths' option?
frontend/node_modules/@types/babel__traverse/index.d.ts(361,28): error TS2536: Type '"type"' cannot be used to index type 'T'.
frontend/node_modules/@types/node/web-globals/fetch.d.ts(3,25): error TS2792: Cannot find module 'undici-types'. Did you mean to set the 'moduleResolution' option to 'nodenext', or to add aliases to the 'paths' option?
frontend/node_modules/@types/react/index.d.ts(7,22): error TS2792: Cannot find module 'csstype'. Did you mean to set the 'moduleResolution' option to 'nodenext', or to add aliases to the 'paths' option?
frontend/node_modules/side-channel-map/tsconfig.json(2,13): error TS6053: File '@ljharb/tsconfig' not found.
=== ./frontend/node_modules/which-boxed-primitive/tsconfig.json ===
frontend/node_modules/@types/babel__core/index.d.ts(2,31): error TS2792: Cannot find module '@babel/parser'. Did you mean to set the 'moduleResolution' option to 'nodenext', or to add aliases to the 'paths' option?
frontend/node_modules/@types/babel__core/index.d.ts(5,20): error TS2792: Cannot find module '@babel/types'. Did you mean to set the 'moduleResolution' option to 'nodenext', or to add aliases to the 'paths' option?
frontend/node_modules/@types/babel__core/index.d.ts(10,52): error TS2792: Cannot find module '@babel/parser'. Did you mean to set the 'moduleResolution' option to 'nodenext', or to add aliases to the 'paths' option?
frontend/node_modules/@types/babel__generator/index.d.ts(1,20): error TS2792: Cannot find module '@babel/types'. Did you mean to set the 'moduleResolution' option to 'nodenext', or to add aliases to the 'paths' option?
frontend/node_modules/@types/babel__template/index.d.ts(1,31): error TS2792: Cannot find module '@babel/parser'. Did you mean to set the 'moduleResolution' option to 'nodenext', or to add aliases to the 'paths' option?
frontend/node_modules/@types/babel__template/index.d.ts(2,48): error TS2792: Cannot find module '@babel/types'. Did you mean to set the 'moduleResolution' option to 'nodenext', or to add aliases to the 'paths' option?
frontend/node_modules/@types/babel__traverse/index.d.ts(1,20): error TS2792: Cannot find module '@babel/types'. Did you mean to set the 'moduleResolution' option to 'nodenext', or to add aliases to the 'paths' option?
frontend/node_modules/@types/babel__traverse/index.d.ts(361,28): error TS2536: Type '"type"' cannot be used to index type 'T'.
frontend/node_modules/@types/node/web-globals/fetch.d.ts(3,25): error TS2792: Cannot find module 'undici-types'. Did you mean to set the 'moduleResolution' option to 'nodenext', or to add aliases to the 'paths' option?
frontend/node_modules/@types/react/index.d.ts(7,22): error TS2792: Cannot find module 'csstype'. Did you mean to set the 'moduleResolution' option to 'nodenext', or to add aliases to the 'paths' option?
frontend/node_modules/which-boxed-primitive/tsconfig.json(2,13): error TS6053: File '@ljharb/tsconfig' not found.
=== ./frontend/node_modules/hasown/tsconfig.json ===
frontend/node_modules/hasown/tsconfig.json(2,14): error TS6053: File '@ljharb/tsconfig' not found.
=== ./frontend/node_modules/is-set/tsconfig.json ===
frontend/node_modules/is-set/index.js(34,3): error TS18047: '$setHas' is possibly 'null'.
frontend/node_modules/is-set/index.js(34,11): error TS2554: Expected 2 arguments, but got 1.
frontend/node_modules/is-set/index.js(37,13): error TS2554: Expected 2 arguments, but got 1.
frontend/node_modules/is-set/test/index.js(3,20): error TS2307: Cannot find module 'tape' or its corresponding type declarations.
frontend/node_modules/is-set/test/index.js(4,21): error TS7016: Could not find a declaration file for module 'object-inspect'. '/home/kinginyellow/projects/medianest/frontend/node_modules/object-inspect/index.js' implicitly has an 'any' type.
  Try `npm i --save-dev @types/object-inspect` if it exists or add a new declaration (.d.ts) file containing `declare module 'object-inspect';`
frontend/node_modules/is-set/test/index.js(9,35): error TS7006: Parameter 't' implicitly has an 'any' type.
frontend/node_modules/is-set/test/index.js(33,61): error TS7006: Parameter 't' implicitly has an 'any' type.
frontend/node_modules/is-set/test/index.js(40,61): error TS7006: Parameter 't' implicitly has an 'any' type.
frontend/node_modules/is-set/test/index.js(47,69): error TS7006: Parameter 't' implicitly has an 'any' type.
frontend/node_modules/is-set/test/index.js(54,69): error TS7006: Parameter 't' implicitly has an 'any' type.
=== ./frontend/node_modules/has-proto/tsconfig.json ===
frontend/node_modules/has-proto/tsconfig.json(2,13): error TS6053: File '@ljharb/tsconfig' not found.
=== ./frontend/node_modules/es-errors/tsconfig.json ===
frontend/node_modules/es-errors/test/index.js(3,20): error TS2307: Cannot find module 'tape' or its corresponding type declarations.
frontend/node_modules/es-errors/test/index.js(11,26): error TS7006: Parameter 't' implicitly has an 'any' type.
=== ./frontend/node_modules/call-bound/tsconfig.json ===
frontend/node_modules/@types/babel__core/index.d.ts(2,31): error TS2792: Cannot find module '@babel/parser'. Did you mean to set the 'moduleResolution' option to 'nodenext', or to add aliases to the 'paths' option?
frontend/node_modules/@types/babel__core/index.d.ts(5,20): error TS2792: Cannot find module '@babel/types'. Did you mean to set the 'moduleResolution' option to 'nodenext', or to add aliases to the 'paths' option?
frontend/node_modules/@types/babel__core/index.d.ts(10,52): error TS2792: Cannot find module '@babel/parser'. Did you mean to set the 'moduleResolution' option to 'nodenext', or to add aliases to the 'paths' option?
frontend/node_modules/@types/babel__generator/index.d.ts(1,20): error TS2792: Cannot find module '@babel/types'. Did you mean to set the 'moduleResolution' option to 'nodenext', or to add aliases to the 'paths' option?
frontend/node_modules/@types/babel__template/index.d.ts(1,31): error TS2792: Cannot find module '@babel/parser'. Did you mean to set the 'moduleResolution' option to 'nodenext', or to add aliases to the 'paths' option?
frontend/node_modules/@types/babel__template/index.d.ts(2,48): error TS2792: Cannot find module '@babel/types'. Did you mean to set the 'moduleResolution' option to 'nodenext', or to add aliases to the 'paths' option?
frontend/node_modules/@types/babel__traverse/index.d.ts(1,20): error TS2792: Cannot find module '@babel/types'. Did you mean to set the 'moduleResolution' option to 'nodenext', or to add aliases to the 'paths' option?
frontend/node_modules/@types/babel__traverse/index.d.ts(361,28): error TS2536: Type '"type"' cannot be used to index type 'T'.
frontend/node_modules/@types/node/web-globals/fetch.d.ts(3,25): error TS2792: Cannot find module 'undici-types'. Did you mean to set the 'moduleResolution' option to 'nodenext', or to add aliases to the 'paths' option?
frontend/node_modules/@types/react-dom/index.d.ts(86,22): error TS2304: Cannot find name 'ReferrerPolicy'.
frontend/node_modules/@types/react-dom/index.d.ts(92,31): error TS2304: Cannot find name 'RequestDestination'.
frontend/node_modules/@types/react/index.d.ts(7,22): error TS2792: Cannot find module 'csstype'. Did you mean to set the 'moduleResolution' option to 'nodenext', or to add aliases to the 'paths' option?
frontend/node_modules/call-bound/tsconfig.json(2,13): error TS6053: File '@ljharb/tsconfig' not found.
=== ./frontend/node_modules/es-object-atoms/tsconfig.json ===
frontend/node_modules/es-object-atoms/tsconfig.json(2,13): error TS6053: File '@ljharb/tsconfig' not found.
=== ./frontend/node_modules/is-shared-array-buffer/tsconfig.json ===
frontend/node_modules/@types/babel__core/index.d.ts(2,31): error TS2792: Cannot find module '@babel/parser'. Did you mean to set the 'moduleResolution' option to 'nodenext', or to add aliases to the 'paths' option?
frontend/node_modules/@types/babel__core/index.d.ts(5,20): error TS2792: Cannot find module '@babel/types'. Did you mean to set the 'moduleResolution' option to 'nodenext', or to add aliases to the 'paths' option?
frontend/node_modules/@types/babel__core/index.d.ts(10,52): error TS2792: Cannot find module '@babel/parser'. Did you mean to set the 'moduleResolution' option to 'nodenext', or to add aliases to the 'paths' option?
frontend/node_modules/@types/babel__generator/index.d.ts(1,20): error TS2792: Cannot find module '@babel/types'. Did you mean to set the 'moduleResolution' option to 'nodenext', or to add aliases to the 'paths' option?
frontend/node_modules/@types/babel__template/index.d.ts(1,31): error TS2792: Cannot find module '@babel/parser'. Did you mean to set the 'moduleResolution' option to 'nodenext', or to add aliases to the 'paths' option?
frontend/node_modules/@types/babel__template/index.d.ts(2,48): error TS2792: Cannot find module '@babel/types'. Did you mean to set the 'moduleResolution' option to 'nodenext', or to add aliases to the 'paths' option?
frontend/node_modules/@types/babel__traverse/index.d.ts(1,20): error TS2792: Cannot find module '@babel/types'. Did you mean to set the 'moduleResolution' option to 'nodenext', or to add aliases to the 'paths' option?
frontend/node_modules/@types/babel__traverse/index.d.ts(361,28): error TS2536: Type '"type"' cannot be used to index type 'T'.
frontend/node_modules/@types/node/web-globals/fetch.d.ts(3,25): error TS2792: Cannot find module 'undici-types'. Did you mean to set the 'moduleResolution' option to 'nodenext', or to add aliases to the 'paths' option?
frontend/node_modules/@types/react/index.d.ts(7,22): error TS2792: Cannot find module 'csstype'. Did you mean to set the 'moduleResolution' option to 'nodenext', or to add aliases to the 'paths' option?
frontend/node_modules/is-shared-array-buffer/tsconfig.json(2,13): error TS6053: File '@ljharb/tsconfig' not found.
=== ./frontend/node_modules/is-string/tsconfig.json ===
